#
# There is insufficient memory for the Java Runtime Environment to continue.
# Native memory allocation (mmap) failed to map 65536 bytes. Error detail: Failed to commit metaspace.
# Possible reasons:
#   The system is out of physical RAM or swap space
#   This process is running with CompressedOops enabled, and the Java Heap may be blocking the growth of the native heap
# Possible solutions:
#   Reduce memory load on the system
#   Increase physical memory or swap space
#   Check if swap backing store is full
#   Decrease Java heap size (-Xmx/-Xms)
#   Decrease number of Java threads
#   Decrease Java thread stack sizes (-Xss)
#   Set larger code cache with -XX:ReservedCodeCacheSize=
#   JVM is running with Zero Based Compressed Oops mode in which the Java heap is
#     placed in the first 32GB address space. The Java Heap base address is the
#     maximum limit for the native heap growth. Please use -XX:HeapBaseMinAddress
#     to set the Java Heap base and to place the Java Heap above 32GB virtual address.
# This output file may be truncated or incomplete.
#
#  Out of Memory Error (virtualSpaceNode.cpp:113), pid=23364, tid=18352
#
# JRE version: OpenJDK Runtime Environment (23.0.1+11) (build 23.0.1+11-39)
# Java VM: OpenJDK 64-Bit Server VM (23.0.1+11-39, mixed mode, emulated-client, sharing, tiered, compressed oops, compressed class ptrs, g1 gc, windows-amd64)
# No core dump will be written. Minidumps are not enabled by default on client versions of Windows
#

---------------  S U M M A R Y ------------

Command Line: -XX:TieredStopAtLevel=1 -Dspring.output.ansi.enabled=always -Dcom.sun.management.jmxremote -Dspring.jmx.enabled=true -Dspring.liveBeansView.mbeanDomain -Dspring.application.admin.enabled=true -Dmanagement.endpoints.jmx.exposure.include=* -javaagent:C:\Users\shark.lin\AppData\Local\Programs\IntelliJ IDEA Ultimate\lib\idea_rt.jar=61697:C:\Users\shark.lin\AppData\Local\Programs\IntelliJ IDEA Ultimate\bin -Dfile.encoding=UTF-8 -Dsun.stdout.encoding=UTF-8 -Dsun.stderr.encoding=UTF-8 org.shark.example.Application

Host: Intel(R) Core(TM) i7-10850H CPU @ 2.70GHz, 12 cores, 31G,  Windows 11 , 64 bit Build 22621 (10.0.22621.4391)
Time: Wed Dec 11 09:22:06 2024  Windows 11 , 64 bit Build 22621 (10.0.22621.4391) elapsed time: 0.636814 seconds (0d 0h 0m 0s)

---------------  T H R E A D  ---------------

Current thread (0x0000025b97876e30):  JavaThread "Attach Listener" daemon [_thread_in_vm, id=18352, stack(0x000000b51d200000,0x000000b51d300000) (1024K)]

Stack: [0x000000b51d200000,0x000000b51d300000]
Native frames: (J=compiled Java code, j=interpreted, Vv=VM code, C=native code)
V  [jvm.dll+0x6e08b9]  (no source info available)
V  [jvm.dll+0x87dc83]  (no source info available)
V  [jvm.dll+0x88010e]  (no source info available)
V  [jvm.dll+0x8807e3]  (no source info available)
V  [jvm.dll+0x27aee6]  (no source info available)
V  [jvm.dll+0x87988e]  (no source info available)
V  [jvm.dll+0x682035]  (no source info available)
V  [jvm.dll+0x68209a]  (no source info available)
V  [jvm.dll+0x6848da]  (no source info available)
V  [jvm.dll+0x2219dc]  (no source info available)
V  [jvm.dll+0x682a4e]  (no source info available)
V  [jvm.dll+0x26509f]  (no source info available)
V  [jvm.dll+0x68cde4]  (no source info available)
V  [jvm.dll+0x211fe1]  (no source info available)
V  [jvm.dll+0x21244a]  (no source info available)
V  [jvm.dll+0x212e71]  (no source info available)
V  [jvm.dll+0x20811e]  (no source info available)
V  [jvm.dll+0x5be6df]  (no source info available)
V  [jvm.dll+0x219b2b]  (no source info available)
V  [jvm.dll+0x7f3130]  (no source info available)
V  [jvm.dll+0x7f41d6]  (no source info available)
V  [jvm.dll+0x7f47e4]  (no source info available)
V  [jvm.dll+0x7f4468]  (no source info available)
V  [jvm.dll+0x2689cb]  (no source info available)
V  [jvm.dll+0x3d1e3e]  (no source info available)
C  0x0000025b8868932c  (no source info available)

The last pc belongs to new (printed below).
Java frames: (J=compiled Java code, j=interpreted, Vv=VM code)
j  jdk.management.jfr.SettingDescriptorInfo$1.call()Ljdk/management/jfr/FlightRecorderMXBean;+0 jdk.management.jfr@23.0.1
j  jdk.management.jfr.SettingDescriptorInfo$1.call()Ljava/lang/Object;+1 jdk.management.jfr@23.0.1
j  jdk.management.jfr.internal.FlightRecorderMXBeanProvider.getFlightRecorderMXBean()Ljdk/management/jfr/FlightRecorderMXBean;+34 jdk.management.jfr@23.0.1
j  jdk.management.jfr.internal.FlightRecorderMXBeanProvider$SingleMBeanComponent.nameToMBeanMap()Ljava/util/Map;+0 jdk.management.jfr@23.0.1
j  java.lang.management.ManagementFactory.lambda$getPlatformMBeanServer$0(Lsun/management/spi/PlatformMBeanProvider$PlatformComponent;)Ljava/util/stream/Stream;+1 java.management@23.0.1
j  java.lang.management.ManagementFactory$$Lambda+0x0000025b99068b28.apply(Ljava/lang/Object;)Ljava/lang/Object;+4 java.management@23.0.1
j  java.util.stream.ReferencePipeline$7$1FlatMap.accept(Ljava/lang/Object;)V+8 java.base@23.0.1
j  java.util.stream.ReferencePipeline$2$1.accept(Ljava/lang/Object;)V+21 java.base@23.0.1
j  java.util.HashMap$ValueSpliterator.forEachRemaining(Ljava/util/function/Consumer;)V+145 java.base@23.0.1
j  java.util.stream.AbstractPipeline.copyInto(Ljava/util/stream/Sink;Ljava/util/Spliterator;)V+32 java.base@23.0.1
j  java.util.stream.AbstractPipeline.wrapAndCopyInto(Ljava/util/stream/Sink;Ljava/util/Spliterator;)Ljava/util/stream/Sink;+13 java.base@23.0.1
j  java.util.stream.ForEachOps$ForEachOp.evaluateSequential(Ljava/util/stream/PipelineHelper;Ljava/util/Spliterator;)Ljava/lang/Void;+3 java.base@23.0.1
j  java.util.stream.ForEachOps$ForEachOp$OfRef.evaluateSequential(Ljava/util/stream/PipelineHelper;Ljava/util/Spliterator;)Ljava/lang/Object;+3 java.base@23.0.1
j  java.util.stream.AbstractPipeline.evaluate(Ljava/util/stream/TerminalOp;)Ljava/lang/Object;+88 java.base@23.0.1
j  java.util.stream.ReferencePipeline.forEach(Ljava/util/function/Consumer;)V+6 java.base@23.0.1
j  java.lang.management.ManagementFactory.getPlatformMBeanServer()Ljavax/management/MBeanServer;+68 java.management@23.0.1
j  sun.management.jmxremote.ConnectorBootstrap.startLocalConnectorServer()Ljavax/management/remote/JMXConnectorServer;+88 jdk.management.agent@23.0.1
j  jdk.internal.agent.Agent.startLocalManagementAgent()V+13 jdk.management.agent@23.0.1
v  ~StubRoutines::call_stub 0x0000025b88670fcd
Lock stack of current Java thread (top to bottom):
LockStack[0]: jdk.management.jfr.SettingDescriptorInfo$1 
{0x0000000622daa3e0} - klass: 'jdk/management/jfr/SettingDescriptorInfo$1'
 - ---- fields (total size 2 words):

new  187 new  [0x0000025b886891a0, 0x0000025b886893b0]  528 bytes
[MachCode]
  0x0000025b886891a0: 4883 ec08 | c5fa 1104 | 24eb 1f48 | 83ec 10c5 | fb11 0424 | eb14 4883 | ec10 4889 | 0424 48c7 
  0x0000025b886891c0: 4424 0800 | 0000 00eb | 0150 410f | b755 010f | cac1 ea10 | 488b 4de8 | 488b 4908 | 488b 4908 
  0x0000025b886891e0: 488b 4108 | 807c 1004 | 070f 85e0 | 0000 0066 | 8b54 d148 | 488b 4928 | 488b 4cd1 | 0851 80b9 
  0x0000025b88689200: 3101 0000 | 040f 840d | 0000 004c | 3bb9 3801 | 0000 0f85 | b600 0000 | 8b51 08f6 | c201 0f85 
  0x0000025b88689220: aa00 0000 | 498b 87b8 | 0100 0048 | 8d1c 1049 | 3b9f c801 | 0000 0f87 | 9200 0000 | 4989 9fb8 
  0x0000025b88689240: 0100 0048 | 83ea 100f | 840f 0000 | 0033 c9c1 | ea03 4889 | 4cd0 0848 | ffca 75f6 | 48c7 0001 
  0x0000025b88689260: 0000 0059 | 33f6 8970 | 0c49 ba00 | 0000 985b | 0200 0049 | 2bca 8948 | 0849 ba42 | ad91 a2f8 
  0x0000025b88689280: 7f00 0041 | 803a 000f | 843c 0000 | 0050 488b | c848 83ec | 2040 f6c4 | 0f0f 8419 | 0000 0048 
  0x0000025b886892a0: 83ec 0848 | b850 ee41 | a2f8 7f00 | 00ff d048 | 83c4 08e9 | 0c00 0000 | 48b8 50ee | 41a2 f87f 
  0x0000025b886892c0: 0000 ffd0 | 4883 c420 | 58e9 cb00 | 0000 5948 | 8b55 e848 | 8b52 0848 | 8b52 0845 | 0fb7 4501 
  0x0000025b886892e0: 410f c841 | c1e8 10e8 | 0500 0000 | e9a8 0000 | 0048 8d44 | 2408 4c89 | 6dc0 498b | cfc5 f877 
  0x0000025b88689300: 4989 afb0 | 0300 0049 | 8987 a003 | 0000 4883 | ec20 40f6 | c40f 0f84 | 1900 0000 | 4883 ec08 
  0x0000025b88689320: 48b8 f01d | 0aa2 f87f | 0000 ffd0 | 4883 c408 | e90c 0000 | 0048 b8f0 | 1d0a a2f8 | 7f00 00ff 
  0x0000025b88689340: d048 83c4 | 2049 c787 | a003 0000 | 0000 0000 | 49c7 87b0 | 0300 0000 | 0000 0049 | c787 a803 
  0x0000025b88689360: 0000 0000 | 0000 c5f8 | 7749 837f | 0800 0f84 | 0500 0000 | e947 7bfe | ff49 8b87 | f803 0000 
  0x0000025b88689380: 49c7 87f8 | 0300 0000 | 0000 004c | 8b6d c04c | 8b75 c84e | 8d74 f500 | c341 0fb6 | 5d03 4983 
  0x0000025b886893a0: c503 49ba | 5076 95a2 | f87f 0000 | 41ff 24da 
[/MachCode]

---------------  P R O C E S S  ---------------

Threads class SMR info:
_java_thread_list=0x0000025bdd3c73e0, length=14, elements={
0x0000025bfcc745a0, 0x0000025b9786fe50, 0x0000025b97871d80, 0x0000025b97874010,
0x0000025b97876e30, 0x0000025b978789d0, 0x0000025b9787ca60, 0x0000025b97885600,
0x0000025b979efbf0, 0x0000025b979f3e70, 0x0000025b979f5bd0, 0x0000025b979f6ab0,
0x0000025bdd3bfb30, 0x0000025bdd3c01a0
}

Java Threads: ( => current thread )
  0x0000025bfcc745a0 JavaThread "main"                              [_thread_blocked, id=3588, stack(0x000000b51c700000,0x000000b51c800000) (1024K)]
  0x0000025b9786fe50 JavaThread "Reference Handler"          daemon [_thread_blocked, id=25240, stack(0x000000b51cf00000,0x000000b51d000000) (1024K)]
  0x0000025b97871d80 JavaThread "Finalizer"                  daemon [_thread_blocked, id=11980, stack(0x000000b51d000000,0x000000b51d100000) (1024K)]
  0x0000025b97874010 JavaThread "Signal Dispatcher"          daemon [_thread_blocked, id=28520, stack(0x000000b51d100000,0x000000b51d200000) (1024K)]
=>0x0000025b97876e30 JavaThread "Attach Listener"            daemon [_thread_in_vm, id=18352, stack(0x000000b51d200000,0x000000b51d300000) (1024K)]
  0x0000025b978789d0 JavaThread "Service Thread"             daemon [_thread_blocked, id=22676, stack(0x000000b51d300000,0x000000b51d400000) (1024K)]
  0x0000025b9787ca60 JavaThread "Monitor Deflation Thread"   daemon [_thread_blocked, id=17020, stack(0x000000b51d400000,0x000000b51d500000) (1024K)]
  0x0000025b97885600 JavaThread "C1 CompilerThread0"         daemon [_thread_blocked, id=25380, stack(0x000000b51d500000,0x000000b51d600000) (1024K)]
  0x0000025b979efbf0 JavaThread "Common-Cleaner"             daemon [_thread_blocked, id=27568, stack(0x000000b51d600000,0x000000b51d700000) (1024K)]
  0x0000025b979f3e70 JavaThread "C1 CompilerThread1"         daemon [_thread_blocked, id=7236, stack(0x000000b51d700000,0x000000b51d800000) (1024K)]
  0x0000025b979f5bd0 JavaThread "C1 CompilerThread2"         daemon [_thread_blocked, id=24060, stack(0x000000b51d800000,0x000000b51d900000) (1024K)]
  0x0000025b979f6ab0 JavaThread "C1 CompilerThread3"         daemon [_thread_blocked, id=14292, stack(0x000000b51d900000,0x000000b51da00000) (1024K)]
  0x0000025bdd3bfb30 JavaThread "Monitor Ctrl-Break"         daemon [_thread_in_native, id=25276, stack(0x000000b51da00000,0x000000b51db00000) (1024K)]
  0x0000025bdd3c01a0 JavaThread "Notification Thread"        daemon [_thread_blocked, id=19332, stack(0x000000b51db00000,0x000000b51dc00000) (1024K)]
Total: 14

Other Threads:
  0x0000025b97857bf0 VMThread "VM Thread"                           [id=4808, stack(0x000000b51ce00000,0x000000b51cf00000) (1024K)]
  0x0000025bff8754a0 WatcherThread "VM Periodic Task Thread"        [id=13040, stack(0x000000b51cd00000,0x000000b51ce00000) (1024K)]
  0x0000025bff6bf810 WorkerThread "GC Thread#0"                     [id=20172, stack(0x000000b51c800000,0x000000b51c900000) (1024K)]
  0x0000025bff27ca00 ConcurrentGCThread "G1 Main Marker"            [id=17260, stack(0x000000b51c900000,0x000000b51ca00000) (1024K)]
  0x0000025bff27dcb0 WorkerThread "G1 Conc#0"                       [id=24252, stack(0x000000b51ca00000,0x000000b51cb00000) (1024K)]
  0x0000025bff7444d0 ConcurrentGCThread "G1 Refine#0"               [id=11600, stack(0x000000b51cb00000,0x000000b51cc00000) (1024K)]
  0x0000025bff745050 ConcurrentGCThread "G1 Service"                [id=11012, stack(0x000000b51cc00000,0x000000b51cd00000) (1024K)]
Total: 7

Threads with active compile tasks:
Total: 0

VM state: not at safepoint (normal execution)

VM Mutex/Monitor currently owned by a thread:  ([mutex/lock_event])
[0x00007ff8a2941890] Metaspace_lock - owner thread: 0x0000025b97876e30

Heap address: 0x0000000604400000, size: 8124 MB, Compressed Oops mode: Zero based, Oop shift amount: 3

CDS archive(s) mapped at: [0x0000025b98000000-0x0000025b98d70000-0x0000025b98d70000), size 14090240, SharedBaseAddress: 0x0000025b98000000, ArchiveRelocationMode: 1.
Compressed class space mapped at: 0x0000025b99000000-0x0000025bd9000000, reserved size: 1073741824
Narrow klass base: 0x0000025b98000000, Narrow klass shift: 0, Narrow klass range: 0x41000000

GC Precious Log:
 CardTable entry size: 512
 Card Set container configuration: InlinePtr #cards 4 size 8 Array Of Cards #cards 32 size 80 Howl #buckets 8 coarsen threshold 7372 Howl Bitmap #cards 1024 size 144 coarsen threshold 921 Card regions per heap region 1 cards per card region 8192
 CPUs: 12 total, 12 available
 Memory: 32487M
 Large Page Support: Disabled
 NUMA Support: Disabled
 Compressed Oops: Enabled (Zero based)
 Heap Region Size: 4M
 Heap Min Capacity: 8M
 Heap Initial Capacity: 508M
 Heap Max Capacity: 8124M
 Pre-touch: Disabled
 Parallel Workers: 10
 Concurrent Workers: 3
 Concurrent Refinement Workers: 10
 Periodic GC: Disabled

Heap:
 garbage-first heap   total reserved 8318976K, committed 520192K, used 16384K [0x0000000604400000, 0x0000000800000000)
  region size 4096K, 5 young (20480K), 0 survivors (0K)
 Metaspace       used 3733K, committed 3840K, reserved 1114112K
  class space    used 457K, committed 512K, reserved 1048576K

Heap Regions: E=young(eden), S=young(survivor), O=old, HS=humongous(starts), HC=humongous(continues), CS=collection set, F=free, TAMS=top-at-mark-start, PB=parsable bottom
|   0|0x0000000604400000, 0x0000000604400000, 0x0000000604800000|  0%| F|  |TAMS 0x0000000604400000| PB 0x0000000604400000| Untracked |  0
|   1|0x0000000604800000, 0x0000000604800000, 0x0000000604c00000|  0%| F|  |TAMS 0x0000000604800000| PB 0x0000000604800000| Untracked |  0
|   2|0x0000000604c00000, 0x0000000604c00000, 0x0000000605000000|  0%| F|  |TAMS 0x0000000604c00000| PB 0x0000000604c00000| Untracked |  0
|   3|0x0000000605000000, 0x0000000605000000, 0x0000000605400000|  0%| F|  |TAMS 0x0000000605000000| PB 0x0000000605000000| Untracked |  0
|   4|0x0000000605400000, 0x0000000605400000, 0x0000000605800000|  0%| F|  |TAMS 0x0000000605400000| PB 0x0000000605400000| Untracked |  0
|   5|0x0000000605800000, 0x0000000605800000, 0x0000000605c00000|  0%| F|  |TAMS 0x0000000605800000| PB 0x0000000605800000| Untracked |  0
|   6|0x0000000605c00000, 0x0000000605c00000, 0x0000000606000000|  0%| F|  |TAMS 0x0000000605c00000| PB 0x0000000605c00000| Untracked |  0
|   7|0x0000000606000000, 0x0000000606000000, 0x0000000606400000|  0%| F|  |TAMS 0x0000000606000000| PB 0x0000000606000000| Untracked |  0
|   8|0x0000000606400000, 0x0000000606400000, 0x0000000606800000|  0%| F|  |TAMS 0x0000000606400000| PB 0x0000000606400000| Untracked |  0
|   9|0x0000000606800000, 0x0000000606800000, 0x0000000606c00000|  0%| F|  |TAMS 0x0000000606800000| PB 0x0000000606800000| Untracked |  0
|  10|0x0000000606c00000, 0x0000000606c00000, 0x0000000607000000|  0%| F|  |TAMS 0x0000000606c00000| PB 0x0000000606c00000| Untracked |  0
|  11|0x0000000607000000, 0x0000000607000000, 0x0000000607400000|  0%| F|  |TAMS 0x0000000607000000| PB 0x0000000607000000| Untracked |  0
|  12|0x0000000607400000, 0x0000000607400000, 0x0000000607800000|  0%| F|  |TAMS 0x0000000607400000| PB 0x0000000607400000| Untracked |  0
|  13|0x0000000607800000, 0x0000000607800000, 0x0000000607c00000|  0%| F|  |TAMS 0x0000000607800000| PB 0x0000000607800000| Untracked |  0
|  14|0x0000000607c00000, 0x0000000607c00000, 0x0000000608000000|  0%| F|  |TAMS 0x0000000607c00000| PB 0x0000000607c00000| Untracked |  0
|  15|0x0000000608000000, 0x0000000608000000, 0x0000000608400000|  0%| F|  |TAMS 0x0000000608000000| PB 0x0000000608000000| Untracked |  0
|  16|0x0000000608400000, 0x0000000608400000, 0x0000000608800000|  0%| F|  |TAMS 0x0000000608400000| PB 0x0000000608400000| Untracked |  0
|  17|0x0000000608800000, 0x0000000608800000, 0x0000000608c00000|  0%| F|  |TAMS 0x0000000608800000| PB 0x0000000608800000| Untracked |  0
|  18|0x0000000608c00000, 0x0000000608c00000, 0x0000000609000000|  0%| F|  |TAMS 0x0000000608c00000| PB 0x0000000608c00000| Untracked |  0
|  19|0x0000000609000000, 0x0000000609000000, 0x0000000609400000|  0%| F|  |TAMS 0x0000000609000000| PB 0x0000000609000000| Untracked |  0
|  20|0x0000000609400000, 0x0000000609400000, 0x0000000609800000|  0%| F|  |TAMS 0x0000000609400000| PB 0x0000000609400000| Untracked |  0
|  21|0x0000000609800000, 0x0000000609800000, 0x0000000609c00000|  0%| F|  |TAMS 0x0000000609800000| PB 0x0000000609800000| Untracked |  0
|  22|0x0000000609c00000, 0x0000000609c00000, 0x000000060a000000|  0%| F|  |TAMS 0x0000000609c00000| PB 0x0000000609c00000| Untracked |  0
|  23|0x000000060a000000, 0x000000060a000000, 0x000000060a400000|  0%| F|  |TAMS 0x000000060a000000| PB 0x000000060a000000| Untracked |  0
|  24|0x000000060a400000, 0x000000060a400000, 0x000000060a800000|  0%| F|  |TAMS 0x000000060a400000| PB 0x000000060a400000| Untracked |  0
|  25|0x000000060a800000, 0x000000060a800000, 0x000000060ac00000|  0%| F|  |TAMS 0x000000060a800000| PB 0x000000060a800000| Untracked |  0
|  26|0x000000060ac00000, 0x000000060ac00000, 0x000000060b000000|  0%| F|  |TAMS 0x000000060ac00000| PB 0x000000060ac00000| Untracked |  0
|  27|0x000000060b000000, 0x000000060b000000, 0x000000060b400000|  0%| F|  |TAMS 0x000000060b000000| PB 0x000000060b000000| Untracked |  0
|  28|0x000000060b400000, 0x000000060b400000, 0x000000060b800000|  0%| F|  |TAMS 0x000000060b400000| PB 0x000000060b400000| Untracked |  0
|  29|0x000000060b800000, 0x000000060b800000, 0x000000060bc00000|  0%| F|  |TAMS 0x000000060b800000| PB 0x000000060b800000| Untracked |  0
|  30|0x000000060bc00000, 0x000000060bc00000, 0x000000060c000000|  0%| F|  |TAMS 0x000000060bc00000| PB 0x000000060bc00000| Untracked |  0
|  31|0x000000060c000000, 0x000000060c000000, 0x000000060c400000|  0%| F|  |TAMS 0x000000060c000000| PB 0x000000060c000000| Untracked |  0
|  32|0x000000060c400000, 0x000000060c400000, 0x000000060c800000|  0%| F|  |TAMS 0x000000060c400000| PB 0x000000060c400000| Untracked |  0
|  33|0x000000060c800000, 0x000000060c800000, 0x000000060cc00000|  0%| F|  |TAMS 0x000000060c800000| PB 0x000000060c800000| Untracked |  0
|  34|0x000000060cc00000, 0x000000060cc00000, 0x000000060d000000|  0%| F|  |TAMS 0x000000060cc00000| PB 0x000000060cc00000| Untracked |  0
|  35|0x000000060d000000, 0x000000060d000000, 0x000000060d400000|  0%| F|  |TAMS 0x000000060d000000| PB 0x000000060d000000| Untracked |  0
|  36|0x000000060d400000, 0x000000060d400000, 0x000000060d800000|  0%| F|  |TAMS 0x000000060d400000| PB 0x000000060d400000| Untracked |  0
|  37|0x000000060d800000, 0x000000060d800000, 0x000000060dc00000|  0%| F|  |TAMS 0x000000060d800000| PB 0x000000060d800000| Untracked |  0
|  38|0x000000060dc00000, 0x000000060dc00000, 0x000000060e000000|  0%| F|  |TAMS 0x000000060dc00000| PB 0x000000060dc00000| Untracked |  0
|  39|0x000000060e000000, 0x000000060e000000, 0x000000060e400000|  0%| F|  |TAMS 0x000000060e000000| PB 0x000000060e000000| Untracked |  0
|  40|0x000000060e400000, 0x000000060e400000, 0x000000060e800000|  0%| F|  |TAMS 0x000000060e400000| PB 0x000000060e400000| Untracked |  0
|  41|0x000000060e800000, 0x000000060e800000, 0x000000060ec00000|  0%| F|  |TAMS 0x000000060e800000| PB 0x000000060e800000| Untracked |  0
|  42|0x000000060ec00000, 0x000000060ec00000, 0x000000060f000000|  0%| F|  |TAMS 0x000000060ec00000| PB 0x000000060ec00000| Untracked |  0
|  43|0x000000060f000000, 0x000000060f000000, 0x000000060f400000|  0%| F|  |TAMS 0x000000060f000000| PB 0x000000060f000000| Untracked |  0
|  44|0x000000060f400000, 0x000000060f400000, 0x000000060f800000|  0%| F|  |TAMS 0x000000060f400000| PB 0x000000060f400000| Untracked |  0
|  45|0x000000060f800000, 0x000000060f800000, 0x000000060fc00000|  0%| F|  |TAMS 0x000000060f800000| PB 0x000000060f800000| Untracked |  0
|  46|0x000000060fc00000, 0x000000060fc00000, 0x0000000610000000|  0%| F|  |TAMS 0x000000060fc00000| PB 0x000000060fc00000| Untracked |  0
|  47|0x0000000610000000, 0x0000000610000000, 0x0000000610400000|  0%| F|  |TAMS 0x0000000610000000| PB 0x0000000610000000| Untracked |  0
|  48|0x0000000610400000, 0x0000000610400000, 0x0000000610800000|  0%| F|  |TAMS 0x0000000610400000| PB 0x0000000610400000| Untracked |  0
|  49|0x0000000610800000, 0x0000000610800000, 0x0000000610c00000|  0%| F|  |TAMS 0x0000000610800000| PB 0x0000000610800000| Untracked |  0
|  50|0x0000000610c00000, 0x0000000610c00000, 0x0000000611000000|  0%| F|  |TAMS 0x0000000610c00000| PB 0x0000000610c00000| Untracked |  0
|  51|0x0000000611000000, 0x0000000611000000, 0x0000000611400000|  0%| F|  |TAMS 0x0000000611000000| PB 0x0000000611000000| Untracked |  0
|  52|0x0000000611400000, 0x0000000611400000, 0x0000000611800000|  0%| F|  |TAMS 0x0000000611400000| PB 0x0000000611400000| Untracked |  0
|  53|0x0000000611800000, 0x0000000611800000, 0x0000000611c00000|  0%| F|  |TAMS 0x0000000611800000| PB 0x0000000611800000| Untracked |  0
|  54|0x0000000611c00000, 0x0000000611c00000, 0x0000000612000000|  0%| F|  |TAMS 0x0000000611c00000| PB 0x0000000611c00000| Untracked |  0
|  55|0x0000000612000000, 0x0000000612000000, 0x0000000612400000|  0%| F|  |TAMS 0x0000000612000000| PB 0x0000000612000000| Untracked |  0
|  56|0x0000000612400000, 0x0000000612400000, 0x0000000612800000|  0%| F|  |TAMS 0x0000000612400000| PB 0x0000000612400000| Untracked |  0
|  57|0x0000000612800000, 0x0000000612800000, 0x0000000612c00000|  0%| F|  |TAMS 0x0000000612800000| PB 0x0000000612800000| Untracked |  0
|  58|0x0000000612c00000, 0x0000000612c00000, 0x0000000613000000|  0%| F|  |TAMS 0x0000000612c00000| PB 0x0000000612c00000| Untracked |  0
|  59|0x0000000613000000, 0x0000000613000000, 0x0000000613400000|  0%| F|  |TAMS 0x0000000613000000| PB 0x0000000613000000| Untracked |  0
|  60|0x0000000613400000, 0x0000000613400000, 0x0000000613800000|  0%| F|  |TAMS 0x0000000613400000| PB 0x0000000613400000| Untracked |  0
|  61|0x0000000613800000, 0x0000000613800000, 0x0000000613c00000|  0%| F|  |TAMS 0x0000000613800000| PB 0x0000000613800000| Untracked |  0
|  62|0x0000000613c00000, 0x0000000613c00000, 0x0000000614000000|  0%| F|  |TAMS 0x0000000613c00000| PB 0x0000000613c00000| Untracked |  0
|  63|0x0000000614000000, 0x0000000614000000, 0x0000000614400000|  0%| F|  |TAMS 0x0000000614000000| PB 0x0000000614000000| Untracked |  0
|  64|0x0000000614400000, 0x0000000614400000, 0x0000000614800000|  0%| F|  |TAMS 0x0000000614400000| PB 0x0000000614400000| Untracked |  0
|  65|0x0000000614800000, 0x0000000614800000, 0x0000000614c00000|  0%| F|  |TAMS 0x0000000614800000| PB 0x0000000614800000| Untracked |  0
|  66|0x0000000614c00000, 0x0000000614c00000, 0x0000000615000000|  0%| F|  |TAMS 0x0000000614c00000| PB 0x0000000614c00000| Untracked |  0
|  67|0x0000000615000000, 0x0000000615000000, 0x0000000615400000|  0%| F|  |TAMS 0x0000000615000000| PB 0x0000000615000000| Untracked |  0
|  68|0x0000000615400000, 0x0000000615400000, 0x0000000615800000|  0%| F|  |TAMS 0x0000000615400000| PB 0x0000000615400000| Untracked |  0
|  69|0x0000000615800000, 0x0000000615800000, 0x0000000615c00000|  0%| F|  |TAMS 0x0000000615800000| PB 0x0000000615800000| Untracked |  0
|  70|0x0000000615c00000, 0x0000000615c00000, 0x0000000616000000|  0%| F|  |TAMS 0x0000000615c00000| PB 0x0000000615c00000| Untracked |  0
|  71|0x0000000616000000, 0x0000000616000000, 0x0000000616400000|  0%| F|  |TAMS 0x0000000616000000| PB 0x0000000616000000| Untracked |  0
|  72|0x0000000616400000, 0x0000000616400000, 0x0000000616800000|  0%| F|  |TAMS 0x0000000616400000| PB 0x0000000616400000| Untracked |  0
|  73|0x0000000616800000, 0x0000000616800000, 0x0000000616c00000|  0%| F|  |TAMS 0x0000000616800000| PB 0x0000000616800000| Untracked |  0
|  74|0x0000000616c00000, 0x0000000616c00000, 0x0000000617000000|  0%| F|  |TAMS 0x0000000616c00000| PB 0x0000000616c00000| Untracked |  0
|  75|0x0000000617000000, 0x0000000617000000, 0x0000000617400000|  0%| F|  |TAMS 0x0000000617000000| PB 0x0000000617000000| Untracked |  0
|  76|0x0000000617400000, 0x0000000617400000, 0x0000000617800000|  0%| F|  |TAMS 0x0000000617400000| PB 0x0000000617400000| Untracked |  0
|  77|0x0000000617800000, 0x0000000617800000, 0x0000000617c00000|  0%| F|  |TAMS 0x0000000617800000| PB 0x0000000617800000| Untracked |  0
|  78|0x0000000617c00000, 0x0000000617c00000, 0x0000000618000000|  0%| F|  |TAMS 0x0000000617c00000| PB 0x0000000617c00000| Untracked |  0
|  79|0x0000000618000000, 0x0000000618000000, 0x0000000618400000|  0%| F|  |TAMS 0x0000000618000000| PB 0x0000000618000000| Untracked |  0
|  80|0x0000000618400000, 0x0000000618400000, 0x0000000618800000|  0%| F|  |TAMS 0x0000000618400000| PB 0x0000000618400000| Untracked |  0
|  81|0x0000000618800000, 0x0000000618800000, 0x0000000618c00000|  0%| F|  |TAMS 0x0000000618800000| PB 0x0000000618800000| Untracked |  0
|  82|0x0000000618c00000, 0x0000000618c00000, 0x0000000619000000|  0%| F|  |TAMS 0x0000000618c00000| PB 0x0000000618c00000| Untracked |  0
|  83|0x0000000619000000, 0x0000000619000000, 0x0000000619400000|  0%| F|  |TAMS 0x0000000619000000| PB 0x0000000619000000| Untracked |  0
|  84|0x0000000619400000, 0x0000000619400000, 0x0000000619800000|  0%| F|  |TAMS 0x0000000619400000| PB 0x0000000619400000| Untracked |  0
|  85|0x0000000619800000, 0x0000000619800000, 0x0000000619c00000|  0%| F|  |TAMS 0x0000000619800000| PB 0x0000000619800000| Untracked |  0
|  86|0x0000000619c00000, 0x0000000619c00000, 0x000000061a000000|  0%| F|  |TAMS 0x0000000619c00000| PB 0x0000000619c00000| Untracked |  0
|  87|0x000000061a000000, 0x000000061a000000, 0x000000061a400000|  0%| F|  |TAMS 0x000000061a000000| PB 0x000000061a000000| Untracked |  0
|  88|0x000000061a400000, 0x000000061a400000, 0x000000061a800000|  0%| F|  |TAMS 0x000000061a400000| PB 0x000000061a400000| Untracked |  0
|  89|0x000000061a800000, 0x000000061a800000, 0x000000061ac00000|  0%| F|  |TAMS 0x000000061a800000| PB 0x000000061a800000| Untracked |  0
|  90|0x000000061ac00000, 0x000000061ac00000, 0x000000061b000000|  0%| F|  |TAMS 0x000000061ac00000| PB 0x000000061ac00000| Untracked |  0
|  91|0x000000061b000000, 0x000000061b000000, 0x000000061b400000|  0%| F|  |TAMS 0x000000061b000000| PB 0x000000061b000000| Untracked |  0
|  92|0x000000061b400000, 0x000000061b400000, 0x000000061b800000|  0%| F|  |TAMS 0x000000061b400000| PB 0x000000061b400000| Untracked |  0
|  93|0x000000061b800000, 0x000000061b800000, 0x000000061bc00000|  0%| F|  |TAMS 0x000000061b800000| PB 0x000000061b800000| Untracked |  0
|  94|0x000000061bc00000, 0x000000061bc00000, 0x000000061c000000|  0%| F|  |TAMS 0x000000061bc00000| PB 0x000000061bc00000| Untracked |  0
|  95|0x000000061c000000, 0x000000061c000000, 0x000000061c400000|  0%| F|  |TAMS 0x000000061c000000| PB 0x000000061c000000| Untracked |  0
|  96|0x000000061c400000, 0x000000061c400000, 0x000000061c800000|  0%| F|  |TAMS 0x000000061c400000| PB 0x000000061c400000| Untracked |  0
|  97|0x000000061c800000, 0x000000061c800000, 0x000000061cc00000|  0%| F|  |TAMS 0x000000061c800000| PB 0x000000061c800000| Untracked |  0
|  98|0x000000061cc00000, 0x000000061cc00000, 0x000000061d000000|  0%| F|  |TAMS 0x000000061cc00000| PB 0x000000061cc00000| Untracked |  0
|  99|0x000000061d000000, 0x000000061d000000, 0x000000061d400000|  0%| F|  |TAMS 0x000000061d000000| PB 0x000000061d000000| Untracked |  0
| 100|0x000000061d400000, 0x000000061d400000, 0x000000061d800000|  0%| F|  |TAMS 0x000000061d400000| PB 0x000000061d400000| Untracked |  0
| 101|0x000000061d800000, 0x000000061d800000, 0x000000061dc00000|  0%| F|  |TAMS 0x000000061d800000| PB 0x000000061d800000| Untracked |  0
| 102|0x000000061dc00000, 0x000000061dc00000, 0x000000061e000000|  0%| F|  |TAMS 0x000000061dc00000| PB 0x000000061dc00000| Untracked |  0
| 103|0x000000061e000000, 0x000000061e000000, 0x000000061e400000|  0%| F|  |TAMS 0x000000061e000000| PB 0x000000061e000000| Untracked |  0
| 104|0x000000061e400000, 0x000000061e400000, 0x000000061e800000|  0%| F|  |TAMS 0x000000061e400000| PB 0x000000061e400000| Untracked |  0
| 105|0x000000061e800000, 0x000000061e800000, 0x000000061ec00000|  0%| F|  |TAMS 0x000000061e800000| PB 0x000000061e800000| Untracked |  0
| 106|0x000000061ec00000, 0x000000061ec00000, 0x000000061f000000|  0%| F|  |TAMS 0x000000061ec00000| PB 0x000000061ec00000| Untracked |  0
| 107|0x000000061f000000, 0x000000061f000000, 0x000000061f400000|  0%| F|  |TAMS 0x000000061f000000| PB 0x000000061f000000| Untracked |  0
| 108|0x000000061f400000, 0x000000061f400000, 0x000000061f800000|  0%| F|  |TAMS 0x000000061f400000| PB 0x000000061f400000| Untracked |  0
| 109|0x000000061f800000, 0x000000061f800000, 0x000000061fc00000|  0%| F|  |TAMS 0x000000061f800000| PB 0x000000061f800000| Untracked |  0
| 110|0x000000061fc00000, 0x000000061fc00000, 0x0000000620000000|  0%| F|  |TAMS 0x000000061fc00000| PB 0x000000061fc00000| Untracked |  0
| 111|0x0000000620000000, 0x0000000620000000, 0x0000000620400000|  0%| F|  |TAMS 0x0000000620000000| PB 0x0000000620000000| Untracked |  0
| 112|0x0000000620400000, 0x0000000620400000, 0x0000000620800000|  0%| F|  |TAMS 0x0000000620400000| PB 0x0000000620400000| Untracked |  0
| 113|0x0000000620800000, 0x0000000620800000, 0x0000000620c00000|  0%| F|  |TAMS 0x0000000620800000| PB 0x0000000620800000| Untracked |  0
| 114|0x0000000620c00000, 0x0000000620c00000, 0x0000000621000000|  0%| F|  |TAMS 0x0000000620c00000| PB 0x0000000620c00000| Untracked |  0
| 115|0x0000000621000000, 0x0000000621000000, 0x0000000621400000|  0%| F|  |TAMS 0x0000000621000000| PB 0x0000000621000000| Untracked |  0
| 116|0x0000000621400000, 0x0000000621400000, 0x0000000621800000|  0%| F|  |TAMS 0x0000000621400000| PB 0x0000000621400000| Untracked |  0
| 117|0x0000000621800000, 0x0000000621800000, 0x0000000621c00000|  0%| F|  |TAMS 0x0000000621800000| PB 0x0000000621800000| Untracked |  0
| 118|0x0000000621c00000, 0x0000000621c00000, 0x0000000622000000|  0%| F|  |TAMS 0x0000000621c00000| PB 0x0000000621c00000| Untracked |  0
| 119|0x0000000622000000, 0x0000000622000000, 0x0000000622400000|  0%| F|  |TAMS 0x0000000622000000| PB 0x0000000622000000| Untracked |  0
| 120|0x0000000622400000, 0x0000000622400000, 0x0000000622800000|  0%| F|  |TAMS 0x0000000622400000| PB 0x0000000622400000| Untracked |  0
| 121|0x0000000622800000, 0x0000000622800000, 0x0000000622c00000|  0%| F|  |TAMS 0x0000000622800000| PB 0x0000000622800000| Untracked |  0
| 122|0x0000000622c00000, 0x0000000622deb8c8, 0x0000000623000000| 48%| E|  |TAMS 0x0000000622c00000| PB 0x0000000622c00000| Complete |  0
| 123|0x0000000623000000, 0x0000000623400000, 0x0000000623400000|100%| E|CS|TAMS 0x0000000623000000| PB 0x0000000623000000| Complete |  0
| 124|0x0000000623400000, 0x0000000623800000, 0x0000000623800000|100%| E|CS|TAMS 0x0000000623400000| PB 0x0000000623400000| Complete |  0
| 125|0x0000000623800000, 0x0000000623c00000, 0x0000000623c00000|100%| E|CS|TAMS 0x0000000623800000| PB 0x0000000623800000| Complete |  0
| 126|0x0000000623c00000, 0x0000000624000000, 0x0000000624000000|100%| E|CS|TAMS 0x0000000623c00000| PB 0x0000000623c00000| Complete |  0

Card table byte_map: [0x0000025b8c650000,0x0000025b8d630000] _byte_map_base: 0x0000025b8962e000

Marking Bits: (CMBitMap*) 0x0000025bff6c0730
 Bits: [0x0000025b8d630000, 0x0000025b95520000)

Polling page: 0x0000025bfcf80000

Metaspace:

Usage:
  Non-class:      3.20 MB used.
      Class:    457.72 KB used.
       Both:      3.65 MB used.

Virtual space:
  Non-class space:       64.00 MB reserved,       3.25 MB (  5%) committed,  1 nodes.
      Class space:        1.00 GB reserved,     512.00 KB ( <1%) committed,  1 nodes.
             Both:        1.06 GB reserved,       3.75 MB ( <1%) committed. 

Chunk freelists:
   Non-Class:  11.89 MB
       Class:  15.51 MB
        Both:  27.40 MB

MaxMetaspaceSize: unlimited
CompressedClassSpaceSize: 1.00 GB
Initial GC threshold: 21.00 MB
Current GC threshold: 21.00 MB
CDS: on
 - commit_granule_bytes: 65536.
 - commit_granule_words: 8192.
 - virtual_space_node_default_size: 8388608.
 - enlarge_chunks_in_place: 1.
 - use_allocation_guard: 0.


Internal statistics:

num_allocs_failed_limit: 0.
num_arena_births: 102.
num_arena_deaths: 0.
num_vsnodes_births: 2.
num_vsnodes_deaths: 0.
num_space_committed: 60.
num_space_uncommitted: 0.
num_chunks_returned_to_freelist: 0.
num_chunks_taken_from_freelist: 111.
num_chunk_merges: 0.
num_chunk_splits: 76.
num_chunks_enlarged: 44.
num_inconsistent_stats: 0.

CodeCache: size=49152Kb used=4183Kb max_used=4183Kb free=44968Kb
 bounds [0x0000025b88670000, 0x0000025b88a90000, 0x0000025b8b670000]
 total_blobs=1611, nmethods=1144, adapters=390, full_count=0
Compilation: enabled, stopped_count=0, restarted_count=0

Compilation events (20 events):
Event: 0.631 Thread 0x0000025b979f3e70 nmethod 1134 0x0000025b88a82588 code [0x0000025b88a826c0, 0x0000025b88a829b8]
Event: 0.631 Thread 0x0000025b979f3e70 1135       1       java.lang.reflect.Method::getAnnotationBytes (5 bytes)
Event: 0.631 Thread 0x0000025b97885600 1136       1       java.lang.Integer::stringSize (47 bytes)
Event: 0.631 Thread 0x0000025b979f6ab0 1137       1       java.lang.StringLatin1::getChars (102 bytes)
Event: 0.631 Thread 0x0000025b979f3e70 nmethod 1135 0x0000025b88a82a08 code [0x0000025b88a82b20, 0x0000025b88a82bf0]
Event: 0.631 Thread 0x0000025b979f5bd0 nmethod 1133 0x0000025b88a82d08 code [0x0000025b88a82f60, 0x0000025b88a83bc8]
Event: 0.631 Thread 0x0000025b97885600 nmethod 1136 0x0000025b88a83c88 code [0x0000025b88a83da0, 0x0000025b88a83ed0]
Event: 0.631 Thread 0x0000025b979f5bd0 1138       1       com.sun.jmx.mbeanserver.MXBeanIntrospector::originalTypeString (20 bytes)
Event: 0.631 Thread 0x0000025b979f5bd0 nmethod 1138 0x0000025b88a83f88 code [0x0000025b88a840c0, 0x0000025b88a84258]
Event: 0.631 Thread 0x0000025b979f6ab0 nmethod 1137 0x0000025b88a84288 code [0x0000025b88a843c0, 0x0000025b88a84668]
Event: 0.632 Thread 0x0000025b979f6ab0 1139       1       java.lang.invoke.DirectMethodHandle::preparedLambdaForm (6 bytes)
Event: 0.632 Thread 0x0000025b979f6ab0 nmethod 1139 0x0000025b88a84688 code [0x0000025b88a847a0, 0x0000025b88a84868]
Event: 0.632 Thread 0x0000025b979f6ab0 1140       1       jdk.internal.org.objectweb.asm.MethodVisitor::<init> (78 bytes)
Event: 0.632 Thread 0x0000025b979f3e70 1141       1       java.lang.invoke.MethodHandle::isBuiltinLoader (24 bytes)
Event: 0.632 Thread 0x0000025b979f3e70 nmethod 1141 0x0000025b88a84d08 code [0x0000025b88a84e20, 0x0000025b88a84f08]
Event: 0.632 Thread 0x0000025b979f6ab0 nmethod 1140 0x0000025b88a85008 code [0x0000025b88a85180, 0x0000025b88a85558]
Event: 0.633 Thread 0x0000025b979f6ab0 1143       1       java.lang.invoke.MethodHandles$Lookup::checkSecurityManager (97 bytes)
Event: 0.633 Thread 0x0000025b979f5bd0 1144       1       java.lang.invoke.MethodHandleNatives::refKindIsMethod (19 bytes)
Event: 0.633 Thread 0x0000025b979f5bd0 nmethod 1144 0x0000025b88a85608 code [0x0000025b88a85720, 0x0000025b88a85800]
Event: 0.633 Thread 0x0000025b979f6ab0 nmethod 1143 0x0000025b88a85908 code [0x0000025b88a85a40, 0x0000025b88a85c78]

GC Heap History (0 events):
No events

Dll operation events (11 events):
Event: 0.034 Loaded shared library C:\Users\shark.lin\.jdks\openjdk-23.0.1\bin\java.dll
Event: 0.273 Loaded shared library C:\Users\shark.lin\.jdks\openjdk-23.0.1\bin\zip.dll
Event: 0.276 Loaded shared library C:\Users\shark.lin\.jdks\openjdk-23.0.1\bin\instrument.dll
Event: 0.282 Loaded shared library C:\Users\shark.lin\.jdks\openjdk-23.0.1\bin\net.dll
Event: 0.287 Loaded shared library C:\Users\shark.lin\.jdks\openjdk-23.0.1\bin\nio.dll
Event: 0.291 Loaded shared library C:\Users\shark.lin\.jdks\openjdk-23.0.1\bin\zip.dll
Event: 0.369 Loaded shared library C:\Users\shark.lin\.jdks\openjdk-23.0.1\bin\jimage.dll
Event: 0.430 Loaded shared library C:\Users\shark.lin\AppData\Local\Programs\IntelliJ IDEA Ultimate\bin\breakgen64.dll
Event: 0.442 Loaded shared library C:\Users\shark.lin\.jdks\openjdk-23.0.1\bin\extnet.dll
Event: 0.466 Loaded shared library C:\Users\shark.lin\.jdks\openjdk-23.0.1\bin\management.dll
Event: 0.478 Loaded shared library C:\Users\shark.lin\.jdks\openjdk-23.0.1\bin\management_ext.dll

Deoptimization events (0 events):
No events

Classes loaded (20 events):
Event: 0.631 Loading class com/sun/management/HotSpotDiagnosticMXBean$ThreadDumpFormat done
Event: 0.631 Loading class com/sun/management/VMOption
Event: 0.631 Loading class com/sun/management/VMOption done
Event: 0.631 Loading class com/sun/management/VMOption$Origin
Event: 0.631 Loading class com/sun/management/VMOption$Origin done
Event: 0.631 Loading class jdk/internal/misc/VM$BufferPoolsHolder
Event: 0.632 Loading class jdk/internal/misc/VM$BufferPoolsHolder done
Event: 0.632 Loading class sun/nio/ch/FileChannelImpl$1
Event: 0.632 Loading class sun/nio/ch/FileChannelImpl$1 done
Event: 0.632 Loading class sun/nio/ch/FileChannelImpl$2
Event: 0.632 Loading class sun/nio/ch/FileChannelImpl$2 done
Event: 0.632 Loading class java/lang/management/BufferPoolMXBean
Event: 0.632 Loading class java/lang/management/BufferPoolMXBean done
Event: 0.633 Loading class sun/management/ManagementFactoryHelper$1
Event: 0.633 Loading class sun/management/ManagementFactoryHelper$1 done
Event: 0.634 Loading class jdk/management/jfr/SettingDescriptorInfo
Event: 0.634 Loading class jdk/management/jfr/SettingDescriptorInfo done
Event: 0.634 Loading class jdk/management/jfr/SettingDescriptorInfo$1
Event: 0.634 Loading class jdk/management/jfr/SettingDescriptorInfo$1 done
Event: 0.634 Loading class jdk/management/jfr/FlightRecorderMXBeanImpl

Classes unloaded (0 events):
No events

Classes redefined (0 events):
No events

Internal exceptions (8 events):
Event: 0.424 Thread 0x0000025bfcc745a0 Exception <a 'java/lang/NoSuchMethodError'{0x00000006237968b0}: 'java.lang.Object java.lang.invoke.Invokers$Holder.invokeExact_MT(java.lang.Object, java.lang.Object, java.lang.Object, java.lang.Object, java.lang.Object)'> (0x00000006237968b0) 
thrown [s\open\src\hotspot\share\interpreter\linkResolver.cpp, line 796]
Event: 0.443 Thread 0x0000025bdd3bfb30 Exception <a 'java/lang/NoSuchMethodError'{0x00000006237f2d18}: 'void java.lang.invoke.DirectMethodHandle$Holder.invokeStatic(java.lang.Object, java.lang.Object)'> (0x00000006237f2d18) 
thrown [s\open\src\hotspot\share\interpreter\linkResolver.cpp, line 796]
Event: 0.484 Thread 0x0000025b97876e30 Exception <a 'java/lang/NoSuchMethodError'{0x000000062356b078}: 'int java.lang.invoke.DirectMethodHandle$Holder.invokeInterface(java.lang.Object, java.lang.Object)'> (0x000000062356b078) 
thrown [s\open\src\hotspot\share\interpreter\linkResolver.cpp, line 796]
Event: 0.485 Thread 0x0000025b97876e30 Exception <a 'java/lang/IncompatibleClassChangeError'{0x000000062356e2a0}: Found class java.lang.Object, but interface was expected> (0x000000062356e2a0) 
thrown [s\open\src\hotspot\share\interpreter\linkResolver.cpp, line 863]
Event: 0.535 Thread 0x0000025b97876e30 Exception <a 'java/lang/NoSuchMethodError'{0x0000000623139538}: 'void java.lang.invoke.DirectMethodHandle$Holder.invokeSpecial(java.lang.Object, java.lang.Object, java.lang.Object)'> (0x0000000623139538) 
thrown [s\open\src\hotspot\share\interpreter\linkResolver.cpp, line 796]
Event: 0.537 Thread 0x0000025b97876e30 Exception <a 'java/lang/NoSuchMethodError'{0x0000000623142de8}: 'void java.lang.invoke.DirectMethodHandle$Holder.invokeStatic(java.lang.Object, int, java.lang.Object)'> (0x0000000623142de8) 
thrown [s\open\src\hotspot\share\interpreter\linkResolver.cpp, line 796]
Event: 0.551 Thread 0x0000025b97876e30 Exception <a 'java/lang/NoSuchMethodError'{0x0000000623189820}: 'int java.lang.invoke.DirectMethodHandle$Holder.invokeSpecial(java.lang.Object, java.lang.Object, java.lang.Object)'> (0x0000000623189820) 
thrown [s\open\src\hotspot\share\interpreter\linkResolver.cpp, line 796]
Event: 0.579 Thread 0x0000025b97876e30 Exception <a 'java/lang/NoSuchMethodError'{0x00000006232d5090}: 'java.lang.Object java.lang.invoke.DirectMethodHandle$Holder.invokeStaticInit(java.lang.Object, java.lang.Object, java.lang.Object)'> (0x00000006232d5090) 
thrown [s\open\src\hotspot\share\interpreter\linkResolver.cpp, line 796]

VM Operations (8 events):
Event: 0.260 Executing VM operation: HandshakeAllThreads (Deoptimize)
Event: 0.260 Executing VM operation: HandshakeAllThreads (Deoptimize) done
Event: 0.378 Executing VM operation: HandshakeAllThreads (Deoptimize)
Event: 0.378 Executing VM operation: HandshakeAllThreads (Deoptimize) done
Event: 0.470 Executing VM operation: HandshakeAllThreads (Deoptimize)
Event: 0.470 Executing VM operation: HandshakeAllThreads (Deoptimize) done
Event: 0.491 Executing VM operation: HandshakeAllThreads (Deoptimize)
Event: 0.491 Executing VM operation: HandshakeAllThreads (Deoptimize) done

Memory protections (0 events):
No events

Nmethod flushes (0 events):
No events

Events (14 events):
Event: 0.079 Thread 0x0000025bfcc745a0 Thread added: 0x0000025bfcc745a0
Event: 0.098 Thread 0x0000025bfcc745a0 Thread added: 0x0000025b9786fe50
Event: 0.099 Thread 0x0000025bfcc745a0 Thread added: 0x0000025b97871d80
Event: 0.099 Thread 0x0000025bfcc745a0 Thread added: 0x0000025b97874010
Event: 0.099 Thread 0x0000025bfcc745a0 Thread added: 0x0000025b97876e30
Event: 0.100 Thread 0x0000025bfcc745a0 Thread added: 0x0000025b978789d0
Event: 0.100 Thread 0x0000025bfcc745a0 Thread added: 0x0000025b9787ca60
Event: 0.100 Thread 0x0000025bfcc745a0 Thread added: 0x0000025b97885600
Event: 0.255 Thread 0x0000025bfcc745a0 Thread added: 0x0000025b979efbf0
Event: 0.260 Thread 0x0000025b97885600 Thread added: 0x0000025b979f3e70
Event: 0.261 Thread 0x0000025b979f3e70 Thread added: 0x0000025b979f5bd0
Event: 0.261 Thread 0x0000025b97885600 Thread added: 0x0000025b979f6ab0
Event: 0.431 Thread 0x0000025bfcc745a0 Thread added: 0x0000025bdd3bfb30
Event: 0.431 Thread 0x0000025bfcc745a0 Thread added: 0x0000025bdd3c01a0


Dynamic libraries:
0x00007ff664210000 - 0x00007ff66421e000 	C:\Users\shark.lin\.jdks\openjdk-23.0.1\bin\java.exe
0x00007ff975290000 - 0x00007ff9754a7000 	C:\WINDOWS\SYSTEM32\ntdll.dll
0x00007ff973de0000 - 0x00007ff973ea4000 	C:\WINDOWS\System32\KERNEL32.DLL
0x00007ff9726c0000 - 0x00007ff972a7a000 	C:\WINDOWS\System32\KERNELBASE.dll
0x00007ff972dc0000 - 0x00007ff972ed1000 	C:\WINDOWS\System32\ucrtbase.dll
0x00007ff9584c0000 - 0x00007ff9584d7000 	C:\Users\shark.lin\.jdks\openjdk-23.0.1\bin\jli.dll
0x00007ff954960000 - 0x00007ff95497b000 	C:\Users\shark.lin\.jdks\openjdk-23.0.1\bin\VCRUNTIME140.dll
0x00007ff973eb0000 - 0x00007ff97405e000 	C:\WINDOWS\System32\USER32.dll
0x00007ff9725f0000 - 0x00007ff972616000 	C:\WINDOWS\System32\win32u.dll
0x00007ff93faf0000 - 0x00007ff93fd82000 	C:\WINDOWS\WinSxS\amd64_microsoft.windows.common-controls_6595b64144ccf1df_6.0.22621.4541_none_2710d1c57384c085\COMCTL32.dll
0x00007ff9735e0000 - 0x00007ff973609000 	C:\WINDOWS\System32\GDI32.dll
0x00007ff973670000 - 0x00007ff973717000 	C:\WINDOWS\System32\msvcrt.dll
0x00007ff972a80000 - 0x00007ff972b9b000 	C:\WINDOWS\System32\gdi32full.dll
0x00007ff972620000 - 0x00007ff9726ba000 	C:\WINDOWS\System32\msvcp_win.dll
0x00007ff974d60000 - 0x00007ff974d91000 	C:\WINDOWS\System32\IMM32.DLL
0x0000025bfcfa0000 - 0x0000025bfcfb4000 	C:\WINDOWS\System32\umppc18608.dll
0x0000025bfcfe0000 - 0x0000025bfcff2000 	C:\WINDOWS\System32\CsXumd64_18608.dll
0x00007ff95a240000 - 0x00007ff95a24c000 	C:\Users\shark.lin\.jdks\openjdk-23.0.1\bin\vcruntime140_1.dll
0x00007ff950ed0000 - 0x00007ff950f5e000 	C:\Users\shark.lin\.jdks\openjdk-23.0.1\bin\msvcp140.dll
0x00007ff8a1cd0000 - 0x00007ff8a2a1f000 	C:\Users\shark.lin\.jdks\openjdk-23.0.1\bin\server\jvm.dll
0x00007ff9750f0000 - 0x00007ff9751a2000 	C:\WINDOWS\System32\ADVAPI32.dll
0x00007ff974080000 - 0x00007ff974127000 	C:\WINDOWS\System32\sechost.dll
0x00007ff972d10000 - 0x00007ff972d38000 	C:\WINDOWS\System32\bcrypt.dll
0x00007ff974a60000 - 0x00007ff974b74000 	C:\WINDOWS\System32\RPCRT4.dll
0x00007ff974c80000 - 0x00007ff974cf1000 	C:\WINDOWS\System32\WS2_32.dll
0x00007ff9713c0000 - 0x00007ff97140d000 	C:\WINDOWS\SYSTEM32\POWRPROF.dll
0x00007ff96c490000 - 0x00007ff96c4c4000 	C:\WINDOWS\SYSTEM32\WINMM.dll
0x00007ff9634d0000 - 0x00007ff9634da000 	C:\WINDOWS\SYSTEM32\VERSION.dll
0x00007ff9713a0000 - 0x00007ff9713b3000 	C:\WINDOWS\SYSTEM32\UMPDC.dll
0x00007ff971660000 - 0x00007ff971678000 	C:\WINDOWS\SYSTEM32\kernel.appcore.dll
0x00007ff95a1d0000 - 0x00007ff95a1da000 	C:\Users\shark.lin\.jdks\openjdk-23.0.1\bin\jimage.dll
0x00007ff961490000 - 0x00007ff9616c2000 	C:\WINDOWS\SYSTEM32\DBGHELP.DLL
0x00007ff972fa0000 - 0x00007ff97332f000 	C:\WINDOWS\System32\combase.dll
0x00007ff973330000 - 0x00007ff973407000 	C:\WINDOWS\System32\OLEAUT32.dll
0x00007ff961b60000 - 0x00007ff961b92000 	C:\WINDOWS\SYSTEM32\dbgcore.DLL
0x00007ff972d40000 - 0x00007ff972dbb000 	C:\WINDOWS\System32\bcryptPrimitives.dll
0x00007ff96bea0000 - 0x00007ff96beaf000 	C:\Users\shark.lin\.jdks\openjdk-23.0.1\bin\instrument.dll
0x00007ff951d50000 - 0x00007ff951d6e000 	C:\Users\shark.lin\.jdks\openjdk-23.0.1\bin\java.dll
0x00007ff973720000 - 0x00007ff9738c5000 	C:\WINDOWS\System32\ole32.dll
0x00007ff9741e0000 - 0x00007ff974a58000 	C:\WINDOWS\System32\SHELL32.dll
0x00007ff970470000 - 0x00007ff970d78000 	C:\WINDOWS\SYSTEM32\windows.storage.dll
0x00007ff970330000 - 0x00007ff97046f000 	C:\WINDOWS\SYSTEM32\wintypes.dll
0x00007ff974da0000 - 0x00007ff974e9a000 	C:\WINDOWS\System32\SHCORE.dll
0x00007ff974d00000 - 0x00007ff974d5e000 	C:\WINDOWS\System32\shlwapi.dll
0x00007ff9724a0000 - 0x00007ff9724cb000 	C:\WINDOWS\SYSTEM32\profapi.dll
0x00007ff9537c0000 - 0x00007ff9537d7000 	C:\Users\shark.lin\.jdks\openjdk-23.0.1\bin\zip.dll
0x00007ff959e40000 - 0x00007ff959e50000 	C:\Users\shark.lin\.jdks\openjdk-23.0.1\bin\net.dll
0x00007ff971ad0000 - 0x00007ff971b39000 	C:\WINDOWS\system32\mswsock.dll
0x00007ff957d80000 - 0x00007ff957d96000 	C:\Users\shark.lin\.jdks\openjdk-23.0.1\bin\nio.dll
0x00007ff9552e0000 - 0x00007ff9552fa000 	C:\Users\shark.lin\AppData\Local\Programs\IntelliJ IDEA Ultimate\bin\breakgen64.dll
0x00007ff971080000 - 0x00007ff971182000 	C:\WINDOWS\SYSTEM32\DNSAPI.dll
0x00007ff971050000 - 0x00007ff97107d000 	C:\WINDOWS\SYSTEM32\IPHLPAPI.DLL
0x00007ff9738d0000 - 0x00007ff9738d9000 	C:\WINDOWS\System32\NSI.dll
0x00007ff969f10000 - 0x00007ff969f1a000 	C:\Windows\System32\rasadhlp.dll
0x00007ff96b4f0000 - 0x00007ff96b573000 	C:\WINDOWS\System32\fwpuclnt.dll
0x00007ff959e30000 - 0x00007ff959e39000 	C:\Users\shark.lin\.jdks\openjdk-23.0.1\bin\extnet.dll
0x00007ff95a420000 - 0x00007ff95a42a000 	C:\Users\shark.lin\.jdks\openjdk-23.0.1\bin\management.dll
0x00007ff95a220000 - 0x00007ff95a22b000 	C:\Users\shark.lin\.jdks\openjdk-23.0.1\bin\management_ext.dll
0x00007ff9735d0000 - 0x00007ff9735d8000 	C:\WINDOWS\System32\PSAPI.DLL

dbghelp: loaded successfully - version: 4.0.5 - missing functions: none
symbol engine: initialized successfully - sym options: 0x614 - pdb path: .;C:\Users\shark.lin\.jdks\openjdk-23.0.1\bin;C:\WINDOWS\SYSTEM32;C:\WINDOWS\WinSxS\amd64_microsoft.windows.common-controls_6595b64144ccf1df_6.0.22621.4541_none_2710d1c57384c085;C:\Users\shark.lin\.jdks\openjdk-23.0.1\bin\server;C:\Users\shark.lin\AppData\Local\Programs\IntelliJ IDEA Ultimate\bin

VM Arguments:
jvm_args: -XX:TieredStopAtLevel=1 -Dspring.output.ansi.enabled=always -Dcom.sun.management.jmxremote -Dspring.jmx.enabled=true -Dspring.liveBeansView.mbeanDomain -Dspring.application.admin.enabled=true -Dmanagement.endpoints.jmx.exposure.include=* -javaagent:C:\Users\shark.lin\AppData\Local\Programs\IntelliJ IDEA Ultimate\lib\idea_rt.jar=61697:C:\Users\shark.lin\AppData\Local\Programs\IntelliJ IDEA Ultimate\bin -Dfile.encoding=UTF-8 -Dsun.stdout.encoding=UTF-8 -Dsun.stderr.encoding=UTF-8 
java_command: org.shark.example.Application
java_class_path (initial): D:\Shark\SpringBootExample\SpringBootExample\target\classes;C:\Users\shark.lin\.m2\repository\org\springframework\boot\spring-boot-starter-actuator\3.2.2\spring-boot-starter-actuator-3.2.2.jar;C:\Users\shark.lin\.m2\repository\org\springframework\boot\spring-boot-starter\3.2.2\spring-boot-starter-3.2.2.jar;C:\Users\shark.lin\.m2\repository\org\springframework\boot\spring-boot\3.2.2\spring-boot-3.2.2.jar;C:\Users\shark.lin\.m2\repository\org\springframework\boot\spring-boot-autoconfigure\3.2.2\spring-boot-autoconfigure-3.2.2.jar;C:\Users\shark.lin\.m2\repository\jakarta\annotation\jakarta.annotation-api\2.1.1\jakarta.annotation-api-2.1.1.jar;C:\Users\shark.lin\.m2\repository\org\springframework\spring-core\6.1.3\spring-core-6.1.3.jar;C:\Users\shark.lin\.m2\repository\org\springframework\spring-jcl\6.1.3\spring-jcl-6.1.3.jar;C:\Users\shark.lin\.m2\repository\org\yaml\snakeyaml\2.2\snakeyaml-2.2.jar;C:\Users\shark.lin\.m2\repository\org\springframework\boot\spring-boot-actuator-autoconfigure\3.2.2\spring-boot-actuator-autoconfigure-3.2.2.jar;C:\Users\shark.lin\.m2\repository\org\springframework\boot\spring-boot-actuator\3.2.2\spring-boot-actuator-3.2.2.jar;C:\Users\shark.lin\.m2\repository\com\fasterxml\jackson\core\jackson-databind\2.15.3\jackson-databind-2.15.3.jar;C:\Users\shark.lin\.m2\repository\com\fasterxml\jackson\core\jackson-annotations\2.15.3\jackson-annotations-2.15.3.jar;C:\Users\shark.lin\.m2\repository\com\fasterxml\jackson\core\jackson-core\2.15.3\jackson-core-2.15.3.jar;C:\Users\shark.lin\.m2\repository\com\fasterxml\jackson\datatype\jackson-datatype-jsr310\2.15.3\jackson-datatype-jsr310-2.15.3.jar;C:\Users\shark.lin\.m2\repository\io\micrometer\micrometer-observation\1.12.2\micrometer-observation-1.12.2.jar;C:\Users\shark.lin\.m2\repository\io\micrometer\micrometer-commons\1.12.2\micrometer-commons-1.12.2.jar;C:\Users\shark.lin\.m2\repository\io\micrometer\micrometer-jakarta9\1.12.2\micrometer-jakarta9-1.12.2.jar;C:\Users\shark.lin\.m2\repository\io\micrometer\micrometer-core\1.12.2\micrometer-core-1.12.2.jar;C:\Users\shark.lin\.m2\repository\org\hdrhistogram\HdrHistogram\2.1.12\HdrHistogram-2.1.12.jar;C:\Users\shark.lin\.m2\repository\org\latencyutils\LatencyUtils\2.0.3\LatencyUtils-2.0.3.jar;C:\Users\shark.lin\.m2\repository\org\springframework\boot\spring-boot-starter-web\3.2.2\spring-boot-starter-web-3.2.2.jar;C:\Users\shark.lin\.m2\repository\org\springframework\boot\spring-boot-starter-json\3.2.2\spring-boot-starter-json-3.2.2.jar;C:\Users\shark.lin\.m2\repository\com\fasterxml\jackson\datatype\jackson-datatype-jdk8\2.15.3\jackson-datatype-jdk8-2.15.3.jar;C:\Users\shark.lin\.m2\repository\com\fasterxml\jackson\module\jackson-module-parameter-names\2.15.3\jackson-module-parameter-names-2.15.3.jar;C:\Users\shark.lin\.m2\repository\org\springframework\boot\spring-boot-starter-tomcat\3.2.2\spring-boot-starter-tomcat-3.2.2.jar;C:\Users\shark.lin\.m2\repository\org\apache\tomcat\embed\tomcat-embed-core\10.1.18\tomcat-embed-core-10.1.18.jar;C:\Users\shark.lin\.m2\repository\org\apache\tomcat\embed\tomcat-embed-el\10.1.18\tomcat-embed-el-10.1.18.jar;C:\Users\shark.lin\.m2\repository\org\apache\tomcat\embed\tomcat-embed-websocket\10.1.18\tomcat-embed-websocket-10.1.18.jar;C:\Users\shark.lin\.m2\repository\org\springframework\spring-web\6.1.3\spring-web-6.1.3.jar;C:\Users\shark.lin\.m2\repository\org\springframework\spring-beans\6.1.3\spring-beans-6.1.3.jar;C:\Users\shark.lin\.m2\repository\org\springframework\spring-webmvc\6.1.3\spring-webmvc-6.1.3.jar;C:\Users\shark.lin\.m2\repository\org\springframework\spring-aop\6.1.3\spring-aop-6.1.3.jar;C:\Users\shark.lin\.m2\repository\org\springframework\spring-context\6.1.3\spring-context-6.1.3.jar;C:\Users\shark.lin\.m2\repository\org\springframework\spring-expression\6.1.3\spring-expression-6.1.3.jar;C:\Users\shark.lin\.m2\repository\org\springframework\boot\spring-boot-starter-log4j2\3.2.2\spring-boot-starter-log4j2-3.2.2.jar;C:\Users\shark.lin\.m2\repository\org\apache\logging\log4j\log4j-slf4j2-impl\2.21.1\log4j-slf4j2-impl-2.21.1.jar;C:\Users\shark.lin\.m2\repository\org\apache\logging\log4j\log4j-api\2.21.1\log4j-api-2.21.1.jar;C:\Users\shark.lin\.m2\repository\org\slf4j\slf4j-api\2.0.11\slf4j-api-2.0.11.jar;C:\Users\shark.lin\.m2\repository\org\apache\logging\log4j\log4j-core\2.21.1\log4j-core-2.21.1.jar;C:\Users\shark.lin\.m2\repository\org\apache\logging\log4j\log4j-jul\2.21.1\log4j-jul-2.21.1.jar;C:\Users\shark.lin\.m2\repository\com\google\code\gson\gson\2.10.1\gson-2.10.1.jar;C:\Users\shark.lin\.m2\repository\org\springdoc\springdoc-openapi-starter-webmvc-ui\2.2.0\springdoc-openapi-starter-webmvc-ui-2.2.0.jar;C:\Users\shark.lin\.m2\repository\org\springdoc\springdoc-openapi-starter-webmvc-api\2.2.0\springdoc-openapi-starter-webmvc-api-2.2.0.jar;C:\Users\shark.lin\.m2\repository\org\springdoc\springdoc-openapi-starter-common\2.2.0\springdoc-openapi-starter-common-2.2.0.jar;C:\Users\shark.lin\.m2\repository\io\swagger\core\v3\swagger-core-jakarta\2.2.15\swagger-core-jakarta-2.2.15.jar;C:\Users\shark.lin\.m2\repository\org\apache\commons\commons-lang3\3.13.0\commons-lang3-3.13.0.jar;C:\Users\shark.lin\.m2\repository\io\swagger\core\v3\swagger-annotations-jakarta\2.2.15\swagger-annotations-jakarta-2.2.15.jar;C:\Users\shark.lin\.m2\repository\io\swagger\core\v3\swagger-models-jakarta\2.2.15\swagger-models-jakarta-2.2.15.jar;C:\Users\shark.lin\.m2\repository\jakarta\xml\bind\jakarta.xml.bind-api\4.0.1\jakarta.xml.bind-api-4.0.1.jar;C:\Users\shark.lin\.m2\repository\jakarta\activation\jakarta.activation-api\2.1.2\jakarta.activation-api-2.1.2.jar;C:\Users\shark.lin\.m2\repository\jakarta\validation\jakarta.validation-api\3.0.2\jakarta.validation-api-3.0.2.jar;C:\Users\shark.lin\.m2\repository\com\fasterxml\jackson\dataformat\jackson-dataformat-yaml\2.15.3\jackson-dataformat-yaml-2.15.3.jar;C:\Users\shark.lin\.m2\repository\org\webjars\swagger-ui\5.2.0\swagger-ui-5.2.0.jar;C:\Users\shark.lin\.m2\repository\org\projectlombok\lombok\1.18.30\lombok-1.18.30.jar;C:\Users\shark.lin\.m2\repository\org\springframework\boot\spring-boot-starter-data-cassandra\3.2.2\spring-boot-starter-data-cassandra-3.2.2.jar;C:\Users\shark.lin\.m2\repository\org\springframework\spring-tx\6.1.3\spring-tx-6.1.3.jar;C:\Users\shark.lin\.m2\repository\org\springframework\data\spring-data-cassandra\4.2.2\spring-data-cassandra-4.2.2.jar;C:\Users\shark.lin\.m2\repository\org\springframework\data\spring-data-commons\3.2.2\spring-data-commons-3.2.2.jar;C:\Users\shark.lin\.m2\repository\com\datastax\oss\java-driver-core\4.17.0\java-driver-core-4.17.0.jar;C:\Users\shark.lin\.m2\repository\com\datastax\oss\native-protocol\1.5.1\native-protocol-1.5.1.jar;C:\Users\shark.lin\.m2\repository\io\netty\netty-handler\4.1.105.Final\netty-handler-4.1.105.Final.jar;C:\Users\shark.lin\.m2\repository\io\netty\netty-common\4.1.105.Final\netty-common-4.1.105.Final.jar;C:\Users\shark.lin\.m2\repository\io\netty\netty-resolver\4.1.105.Final\netty-resolver-4.1.105.Final.jar;C:\Users\shark.lin\.m2\repository\io\netty\netty-buffer\4.1.105.Final\netty-buffer-4.1.105.Final.jar;C:\Users\shark.lin\.m2\repository\io\netty\netty-transport\4.1.105.Final\netty-transport-4.1.105.Final.jar;C:\Users\shark.lin\.m2\repository\io\netty\netty-transport-native-unix-common\4.1.105.Final\netty-transport-native-unix-common-4.1.105.Final.jar;C:\Users\shark.lin\.m2\repository\io\netty\netty-codec\4.1.105.Final\netty-codec-4.1.105.Final.jar;C:\Users\shark.lin\.m2\repository\com\datastax\oss\java-driver-shaded-guava\25.1-jre-graal-sub-1\java-driver-shaded-guava-25.1-jre-graal-sub-1.jar;C:\Users\shark.lin\.m2\repository\com\typesafe\config\1.4.1\config-1.4.1.jar;C:\Users\shark.lin\.m2\repository\com\github\jnr\jnr-posix\3.1.15\jnr-posix-3.1.15.jar;C:\Users\shark.lin\.m2\repository\com\github\jnr\jnr-ffi\2.2.11\jnr-ffi-2.2.11.jar;C:\Users\shark.lin\.m2\repository\com\github\jnr\jffi\1.3.9\jffi-1.3.9.jar;C:\Users\shark.lin\.m2\repository\com\github\jnr\jffi\1.3.9\jffi-1.3.9-native.jar;C:\Users\shark.lin\.m2\repository\org\ow2\asm\asm\9.2\asm-9.2.jar;C:\Users\shark.lin\.m2\repository\org\ow2\asm\asm-commons\9.2\asm-commons-9.2.jar;C:\Users\shark.lin\.m2\repository\org\ow2\asm\asm-analysis\9.2\asm-analysis-9.2.jar;C:\Users\shark.lin\.m2\repository\org\ow2\asm\asm-tree\9.2\asm-tree-9.2.jar;C:\Users\shark.lin\.m2\repository\org\ow2\asm\asm-util\9.2\asm-util-9.2.jar;C:\Users\shark.lin\.m2\repository\com\github\jnr\jnr-a64asm\1.0.0\jnr-a64asm-1.0.0.jar;C:\Users\shark.lin\.m2\repository\com\github\jnr\jnr-x86asm\1.0.2\jnr-x86asm-1.0.2.jar;C:\Users\shark.lin\.m2\repository\com\github\jnr\jnr-constants\0.10.3\jnr-constants-0.10.3.jar;C:\Users\shark.lin\.m2\repository\io\dropwizard\metrics\metrics-core\4.2.23\metrics-core-4.2.23.jar;C:\Users\shark.lin\.m2\repository\org\reactivestreams\reactive-streams\1.0.4\reactive-streams-1.0.4.jar;C:\Users\shark.lin\.m2\repository\com\github\stephenc\jcip\jcip-annotations\1.0-1\jcip-annotations-1.0-1.jar;C:\Users\shark.lin\.m2\repository\com\github\spotbugs\spotbugs-annotations\4.7.3\spotbugs-annotations-4.7.3.jar;C:\Users\shark.lin\.m2\repository\com\google\code\findbugs\jsr305\3.0.2\jsr305-3.0.2.jar;C:\Users\shark.lin\.m2\repository\com\datastax\oss\java-driver-query-builder\4.17.0\java-driver-query-builder-4.17.0.jar;C:\Users\shark.lin\.m2\repository\com\datastax\astra\astra-spring-boot-starter\1.2.9\astra-spring-boot-starter-1.2.9.jar;C:\Users\shark.lin\.m2\repository\com\datastax\astra\astra-sdk\1.2.9\astra-sdk-1.2.9.jar;C:\Users\shark.lin\.m2\repository\com\datastax\astra\astra-sdk-devops\1.2.9\astra-sdk-devops-1.2.9.jar;C:\Users\shark.lin\.m2\repository\org\apache\httpcomponents\client5\httpclient5\5.2.3\httpclient5-5.2.3.jar;C:\Users\shark.lin\.m2\repository\org\apache\httpcomponents\core5\httpcore5\5.2.4\httpcore5-5.2.4.jar;C:\Users\shark.lin\.m2\repository\org\apache\httpcomponents\core5\httpcore5-h2\5.2.4\httpcore5-h2-5.2.4.jar;C:\Users\shark.lin\.m2\repository\com\datastax\stargate\stargate-sdk\2.3.7\stargate-sdk-2.3.7.jar;C:\Users\shark.lin\.m2\repository\com\datastax\stargate\stargate-sdk-document\2.3.7\stargate-sdk-document-2.3.7.jar;C:\Users\shark.lin\.m2\repository\com\datastax\stargate\stargate-sdk-commons\2.3.7\stargate-sdk-commons-2.3.7.jar;C:\Users\shark.lin\.m2\repository\com\evanlennick\retry4j\0.15.0\retry4j-0.15.0.jar;C:\Users\shark.lin\.m2\repository\org\apache\httpcomponents\client5\httpclient5-fluent\5.2.3\httpclient5-fluent-5.2.3.jar;C:\Users\shark.lin\.m2\repository\com\datastax\stargate\stargate-sdk-grpc\2.3.7\stargate-sdk-grpc-2.3.7.jar;C:\Users\shark.lin\.m2\repository\io\stargate\grpc\grpc-proto\2.1.0-BETA-8\grpc-proto-2.1.0-BETA-8.jar;C:\Users\shark.lin\.m2\repository\io\projectreactor\reactor-core\3.6.2\reactor-core-3.6.2.jar;C:\Users\shark.lin\.m2\repository\io\grpc\grpc-protobuf\1.56.1\grpc-protobuf-1.56.1.jar;C:\Users\shark.lin\.m2\repository\com\google\protobuf\protobuf-java\3.22.3\protobuf-java-3.22.3.jar;C:\Users\shark.lin\.m2\repository\com\google\api\grpc\proto-google-common-protos\2.17.0\proto-google-common-protos-2.17.0.jar;C:\Users\shark.lin\.m2\repository\io\grpc\grpc-protobuf-lite\1.56.1\grpc-protobuf-lite-1.56.1.jar;C:\Users\shark.lin\.m2\repository\io\grpc\grpc-stub\1.56.1\grpc-stub-1.56.1.jar;C:\Users\shark.lin\.m2\repository\com\salesforce\servicelibs\reactor-grpc-stub\1.2.3\reactor-grpc-stub-1.2.3.jar;C:\Users\shark.lin\.m2\repository\com\salesforce\servicelibs\reactive-grpc-common\1.2.3\reactive-grpc-common-1.2.3.jar;C:\Users\shark.lin\.m2\repository\javax\annotation\javax.annotation-api\1.3.2\javax.annotation-api-1.3.2.jar;C:\Users\shark.lin\.m2\repository\io\grpc\grpc-netty-shaded\1.62.2\grpc-netty-shaded-1.62.2.jar;C:\Users\shark.lin\.m2\repository\io\grpc\grpc-util\1.62.2\grpc-util-1.62.2.jar;C:\Users\shark.lin\.m2\repository\org\codehaus\mojo\animal-sniffer-annotations\1.23\animal-sniffer-annotations-1.23.jar;C:\Users\shark.lin\.m2\repository\io\grpc\grpc-core\1.62.2\grpc-core-1.62.2.jar;C:\Users\shark.lin\.m2\repository\com\google\android\annotations\4.1.1.4\annotations-4.1.1.4.jar;C:\Users\shark.lin\.m2\repository\io\grpc\grpc-context\1.62.2\grpc-context-1.62.2.jar;C:\Users\shark.lin\.m2\repository\com\google\guava\guava\32.1.3-android\guava-32.1.3-android.jar;C:\Users\shark.lin\.m2\repository\com\google\guava\failureaccess\1.0.1\failureaccess-1.0.1.jar;C:\Users\shark.lin\.m2\repository\com\google\guava\listenablefuture\9999.0-empty-to-avoid-conflict-with-guava\listenablefuture-9999.0-empty-to-avoid-conflict-with-guava.jar;C:\Users\shark.lin\.m2\repository\org\checkerframework\checker-qual\3.37.0\checker-qual-3.37.0.jar;C:\Users\shark.lin\.m2\repository\com\google\j2objc\j2objc-annotations\2.8\j2objc-annotations-2.8.jar;C:\Users\shark.lin\.m2\repository\com\google\errorprone\error_prone_annotations\2.23.0\error_prone_annotations-2.23.0.jar;C:\Users\shark.lin\.m2\repository\io\perfmark\perfmark-api\0.26.0\perfmark-api-0.26.0.jar;C:\Users\shark.lin\.m2\repository\io\grpc\grpc-api\1.62.2\grpc-api-1.62.2.jar;C:\Users\shark.lin\.m2\repository\com\datastax\stargate\stargate-sdk-rest\2.3.7\stargate-sdk-rest-2.3.7.jar;C:\Users\shark.lin\.m2\repository\com\datastax\stargate\stargate-sdk-graphql\2.3.7\stargate-sdk-graphql-2.3.7.jar;C:\Users\shark.lin\.m2\repository\com\netflix\graphql\dgs\codegen\graphql-dgs-codegen-client-core\5.1.17\graphql-dgs-codegen-client-core-5.1.17.jar;C:\Users\shark.lin\.m2\repository\org\jetbrains\kotlin\kotlin-stdlib-jdk8\1.9.22\kotlin-stdlib-jdk8-1.9.22.jar;C:\Users\shark.lin\.m2\repository\org\jetbrains\kotlin\kotlin-stdlib\1.9.22\kotlin-stdlib-1.9.22.jar;C:\Users\shark.lin\.m2\repository\org\jetbrains\annotations\13.0\annotations-13.0.jar;C:\Users\shark.lin\.m2\repository\org\jetbrains\kotlin\kotlin-stdlib-jdk7\1.9.22\kotlin-stdlib-jdk7-1.9.22.jar;C:\Users\shark.lin\.m2\repository\org\jetbrains\kotlin\kotlin-reflect\1.9.22\kotlin-reflect-1.9.22.jar;C:\Users\shark.lin\.m2\repository\org\reflections\reflections\0.10.2\reflections-0.10.2.jar;C:\Users\shark.lin\.m2\repository\org\javassist\javassist\3.28.0-GA\javassist-3.28.0-GA.jar;C:\Users\shark.lin\.m2\repository\com\datastax\stargate\stargate-sdk-cql\2.3.7\stargate-sdk-cql-2.3.7.jar;C:\Users\shark.lin\.m2\repository\com\datastax\stargate\stargate-sdk-data\2.3.7\stargate-sdk-data-2.3.7.jar;C:\Users\shark.lin\.m2\repository\com\datastax\astra\astra-spring-boot-autoconfigure\1.2.9\astra-spring-boot-autoconfigure-1.2.9.jar;C:\Users\shark.lin\.m2\repository\com\datastax\oss\java-driver-metrics-micrometer\4.17.0\java-driver-metrics-micrometer-4.17.0.jar
Launcher Type: SUN_STANDARD

[Global flags]
     intx CICompilerCount                          = 4                                         {product} {ergonomic}
     uint ConcGCThreads                            = 3                                         {product} {ergonomic}
     uint G1ConcRefinementThreads                  = 10                                        {product} {ergonomic}
   size_t G1HeapRegionSize                         = 4194304                                   {product} {ergonomic}
   size_t InitialHeapSize                          = 532676608                                 {product} {ergonomic}
     bool ManagementServer                         = true                                      {product} {command line}
   size_t MarkStackSize                            = 4194304                                   {product} {ergonomic}
   size_t MarkStackSizeMax                         = 536870912                                 {product} {ergonomic}
   size_t MaxHeapSize                              = 8518631424                                {product} {ergonomic}
   size_t MaxNewSize                               = 5108662272                                {product} {ergonomic}
   size_t MinHeapDeltaBytes                        = 4194304                                   {product} {ergonomic}
   size_t MinHeapSize                              = 8388608                                   {product} {ergonomic}
    uintx NonNMethodCodeHeapSize                   = 4096                                   {pd product} {ergonomic}
    uintx NonProfiledCodeHeapSize                  = 0                                      {pd product} {ergonomic}
     bool ProfileInterpreter                       = false                                  {pd product} {command line}
    uintx ProfiledCodeHeapSize                     = 0                                      {pd product} {ergonomic}
   size_t SoftMaxHeapSize                          = 8518631424                             {manageable} {ergonomic}
     intx TieredStopAtLevel                        = 1                                         {product} {command line}
     bool UseCompressedOops                        = true                           {product lp64_product} {ergonomic}
     bool UseG1GC                                  = true                                      {product} {ergonomic}
     bool UseLargePagesIndividualAllocation        = false                                  {pd product} {ergonomic}

Logging:
Log output configuration:
 #0: stdout all=warning uptime,level,tags foldmultilines=false
 #1: stderr all=off uptime,level,tags foldmultilines=false

Environment Variables:
JAVA_HOME=C:\Program Files\Java\openjdk-17.0.1
PATH=C:\Program Files\Common Files\Oracle\Java\javapath;C:\WINDOWS\system32;C:\WINDOWS;C:\WINDOWS\System32\Wbem;C:\WINDOWS\System32\WindowsPowerShell\v1.0\;C:\WINDOWS\System32\OpenSSH\;C:\Program Files\PuTTY\;C:\Program Files\Git\cmd;C:\ProgramData\chocolatey\bin;C:\Program Files (x86)\gnupg\bin;C:\Program Files\Git\bin\;C:\Program Files\Maven\apache-maven-3.8.6\bin;C:\Program Files\nodejs\;C:\Program Files\Java\jdk-11\bin;C:\Program Files\Rancher Desktop\resources\resources\win32\bin\;C:\Program Files\Rancher Desktop\resources\resources\linux\bin\;C:\Users\shark.lin\AppData\Local\Microsoft\WindowsApps;C:\Users\shark.lin\AppData\Roaming\npm;C:\Users\shark.lin\AppData\Local\JetBrains\Toolbox\scripts;%USERPROFILE%\AppData\Local\Microsoft\WindowsApps;C:\Users\shark.lin\AppData\Local\Programs\Lens\resources\cli\bin
USERNAME=shark.lin
OS=Windows_NT
PROCESSOR_IDENTIFIER=Intel64 Family 6 Model 165 Stepping 2, GenuineIntel
TMP=C:\Users\shark.lin\AppData\Local\Temp
TEMP=C:\Users\shark.lin\AppData\Local\Temp




Periodic native trim disabled

---------------  S Y S T E M  ---------------

OS:
 Windows 11 , 64 bit Build 22621 (10.0.22621.4391)
OS uptime: 10 days 6:20 hours
Hyper-V role detected

CPU: total 12 (initial active 12) (6 cores per cpu, 2 threads per core) family 6 model 165 stepping 2 microcode 0xfa, cx8, cmov, fxsr, ht, mmx, 3dnowpref, sse, sse2, sse3, ssse3, sse4.1, sse4.2, popcnt, lzcnt, tsc, tscinvbit, avx, avx2, aes, erms, clmul, bmi1, bmi2, adx, fma, vzeroupper, clflush, clflushopt, hv, rdtscp, f16c
Processor Information for the first 12 processors :
  Max Mhz: 2712, Current Mhz: 2310, Mhz Limit: 2305

Memory: 4k page, system-wide physical 32487M (6351M free)
TotalPageFile size 43808M (AvailPageFile size 5M)
current process WorkingSet (physical memory assigned to process): 63M, peak: 63M
current process commit charge ("private bytes"): 612M, peak: 612M

vm_info: OpenJDK 64-Bit Server VM (23.0.1+11-39) for windows-amd64 JRE (23.0.1+11-39), built on 2024-09-30T07:20:43Z with MS VC++ 17.6 (VS2022)

END.
