#
# There is insufficient memory for the Java Runtime Environment to continue.
# Native memory allocation (mmap) failed to map 532676608 bytes. Error detail: G1 virtual space
# Possible reasons:
#   The system is out of physical RAM or swap space
#   This process is running with CompressedOops enabled, and the Java Heap may be blocking the growth of the native heap
# Possible solutions:
#   Reduce memory load on the system
#   Increase physical memory or swap space
#   Check if swap backing store is full
#   Decrease Java heap size (-Xmx/-Xms)
#   Decrease number of Java threads
#   Decrease Java thread stack sizes (-Xss)
#   Set larger code cache with -XX:ReservedCodeCacheSize=
#   JVM is running with Zero Based Compressed Oops mode in which the Java heap is
#     placed in the first 32GB address space. The Java Heap base address is the
#     maximum limit for the native heap growth. Please use -XX:HeapBaseMinAddress
#     to set the Java Heap base and to place the Java Heap above 32GB virtual address.
# This output file may be truncated or incomplete.
#
#  Out of Memory Error (os_windows.cpp:3703), pid=12348, tid=27980
#
# JRE version:  (23.0.1+11) (build )
# Java VM: OpenJDK 64-Bit Server VM (23.0.1+11-39, mixed mode, emulated-client, sharing, tiered, compressed oops, compressed class ptrs, g1 gc, windows-amd64)
# No core dump will be written. Minidumps are not enabled by default on client versions of Windows
#

---------------  S U M M A R Y ------------

Command Line: -XX:TieredStopAtLevel=1 -Dspring.output.ansi.enabled=always -Dcom.sun.management.jmxremote -Dspring.jmx.enabled=true -Dspring.liveBeansView.mbeanDomain -Dspring.application.admin.enabled=true -Dmanagement.endpoints.jmx.exposure.include=* -javaagent:C:\Users\shark.lin\AppData\Local\Programs\IntelliJ IDEA Ultimate\lib\idea_rt.jar=61765:C:\Users\shark.lin\AppData\Local\Programs\IntelliJ IDEA Ultimate\bin -Dfile.encoding=UTF-8 -Dsun.stdout.encoding=UTF-8 -Dsun.stderr.encoding=UTF-8 org.shark.example.Application

Host: Intel(R) Core(TM) i7-10850H CPU @ 2.70GHz, 12 cores, 31G,  Windows 11 , 64 bit Build 22621 (10.0.22621.4391)
Time: Wed Dec 11 09:23:48 2024  Windows 11 , 64 bit Build 22621 (10.0.22621.4391) elapsed time: 0.044683 seconds (0d 0h 0m 0s)

---------------  T H R E A D  ---------------

Current thread (0x000001bc957edc10):  JavaThread "Unknown thread" [_thread_in_vm, id=27980, stack(0x00000095fd800000,0x00000095fd900000) (1024K)]

Stack: [0x00000095fd800000,0x00000095fd900000]
Native frames: (J=compiled Java code, j=interpreted, Vv=VM code, C=native code)
V  [jvm.dll+0x6e08b9]  (no source info available)
V  [jvm.dll+0x87dc83]  (no source info available)
V  [jvm.dll+0x88010e]  (no source info available)
V  [jvm.dll+0x8807e3]  (no source info available)
V  [jvm.dll+0x27aee6]  (no source info available)
V  [jvm.dll+0x6dd1c5]  (no source info available)
V  [jvm.dll+0x6d104a]  (no source info available)
V  [jvm.dll+0x35b3ea]  (no source info available)
V  [jvm.dll+0x3637f6]  (no source info available)
V  [jvm.dll+0x34fd5e]  (no source info available)
V  [jvm.dll+0x34fff8]  (no source info available)
V  [jvm.dll+0x3289cc]  (no source info available)
V  [jvm.dll+0x32966e]  (no source info available)
V  [jvm.dll+0x844355]  (no source info available)
V  [jvm.dll+0x3b9848]  (no source info available)
V  [jvm.dll+0x82d14c]  (no source info available)
V  [jvm.dll+0x454d4e]  (no source info available)
V  [jvm.dll+0x456bd1]  (no source info available)
C  [jli.dll+0x52a3]  (no source info available)
C  [ucrtbase.dll+0x29333]  (no source info available)
C  [KERNEL32.DLL+0x1259d]  (no source info available)
C  [ntdll.dll+0x5af38]  (no source info available)

Lock stack of current Java thread (top to bottom):


---------------  P R O C E S S  ---------------

Threads class SMR info:
_java_thread_list=0x00007ff8a28c3618, length=0, elements={
}

Java Threads: ( => current thread )
Total: 0

Other Threads:
  0x000001bcad61f810 WorkerThread "GC Thread#0"                     [id=3376, stack(0x00000095fd900000,0x00000095fda00000) (1024K)]
  0x000001bc973d3940 ConcurrentGCThread "G1 Main Marker"            [id=27316, stack(0x00000095fda00000,0x00000095fdb00000) (1024K)]
  0x000001bc973d4cb0 WorkerThread "G1 Conc#0"                       [id=17636, stack(0x00000095fdb00000,0x00000095fdc00000) (1024K)]

[error occurred during error reporting (printing all threads), id 0xc0000005, EXCEPTION_ACCESS_VIOLATION (0xc0000005) at pc=0x00007ff8a200bfba]
VM state: not at safepoint (not fully initialized)

VM Mutex/Monitor currently owned by a thread:  ([mutex/lock_event])
[0x00007ff8a2943a10] Heap_lock - owner thread: 0x000001bc957edc10

Heap address: 0x0000000604400000, size: 8124 MB, Compressed Oops mode: Zero based, Oop shift amount: 3

CDS archive(s) mapped at: [0x0000000000000000-0x0000000000000000-0x0000000000000000), size 0, SharedBaseAddress: 0x0000000800000000, ArchiveRelocationMode: 1.
Narrow klass base: 0x0000000000000000, Narrow klass shift: 0, Narrow klass range: 0x0

GC Precious Log:
 CardTable entry size: 512
 Card Set container configuration: InlinePtr #cards 4 size 8 Array Of Cards #cards 32 size 80 Howl #buckets 8 coarsen threshold 7372 Howl Bitmap #cards 1024 size 144 coarsen threshold 921 Card regions per heap region 1 cards per card region 8192

Heap:
 garbage-first heap   total reserved 8318976K, committed 0K, used 0K [0x0000000604400000, 0x0000000800000000)
  region size 4096K, 0 young (0K), 0 survivors (0K)

[error occurred during error reporting (printing heap information), id 0xc0000005, EXCEPTION_ACCESS_VIOLATION (0xc0000005) at pc=0x00007ff8a240c3c9]
GC Heap History (0 events):
No events

Dll operation events (1 events):
Event: 0.035 Loaded shared library C:\Users\shark.lin\.jdks\openjdk-23.0.1\bin\java.dll

Deoptimization events (0 events):
No events

Classes loaded (0 events):
No events

Classes unloaded (0 events):
No events

Classes redefined (0 events):
No events

Internal exceptions (0 events):
No events

VM Operations (0 events):
No events

Memory protections (0 events):
No events

Nmethod flushes (0 events):
No events

Events (0 events):
No events


Dynamic libraries:
0x00007ff664210000 - 0x00007ff66421e000 	C:\Users\shark.lin\.jdks\openjdk-23.0.1\bin\java.exe
0x00007ff975290000 - 0x00007ff9754a7000 	C:\WINDOWS\SYSTEM32\ntdll.dll
0x00007ff973de0000 - 0x00007ff973ea4000 	C:\WINDOWS\System32\KERNEL32.DLL
0x00007ff9726c0000 - 0x00007ff972a7a000 	C:\WINDOWS\System32\KERNELBASE.dll
0x00007ff972dc0000 - 0x00007ff972ed1000 	C:\WINDOWS\System32\ucrtbase.dll
0x00007ff9584c0000 - 0x00007ff9584d7000 	C:\Users\shark.lin\.jdks\openjdk-23.0.1\bin\jli.dll
0x00007ff954960000 - 0x00007ff95497b000 	C:\Users\shark.lin\.jdks\openjdk-23.0.1\bin\VCRUNTIME140.dll
0x00007ff973eb0000 - 0x00007ff97405e000 	C:\WINDOWS\System32\USER32.dll
0x00007ff93faf0000 - 0x00007ff93fd82000 	C:\WINDOWS\WinSxS\amd64_microsoft.windows.common-controls_6595b64144ccf1df_6.0.22621.4541_none_2710d1c57384c085\COMCTL32.dll
0x00007ff9725f0000 - 0x00007ff972616000 	C:\WINDOWS\System32\win32u.dll
0x00007ff9735e0000 - 0x00007ff973609000 	C:\WINDOWS\System32\GDI32.dll
0x00007ff973670000 - 0x00007ff973717000 	C:\WINDOWS\System32\msvcrt.dll
0x00007ff972a80000 - 0x00007ff972b9b000 	C:\WINDOWS\System32\gdi32full.dll
0x00007ff972620000 - 0x00007ff9726ba000 	C:\WINDOWS\System32\msvcp_win.dll
0x00007ff974d60000 - 0x00007ff974d91000 	C:\WINDOWS\System32\IMM32.DLL
0x000001bc95a60000 - 0x000001bc95a74000 	C:\WINDOWS\System32\umppc18608.dll
0x000001bc95aa0000 - 0x000001bc95ab2000 	C:\WINDOWS\System32\CsXumd64_18608.dll
0x00007ff95a240000 - 0x00007ff95a24c000 	C:\Users\shark.lin\.jdks\openjdk-23.0.1\bin\vcruntime140_1.dll
0x00007ff950ed0000 - 0x00007ff950f5e000 	C:\Users\shark.lin\.jdks\openjdk-23.0.1\bin\msvcp140.dll
0x00007ff8a1cd0000 - 0x00007ff8a2a1f000 	C:\Users\shark.lin\.jdks\openjdk-23.0.1\bin\server\jvm.dll
0x00007ff9750f0000 - 0x00007ff9751a2000 	C:\WINDOWS\System32\ADVAPI32.dll
0x00007ff974080000 - 0x00007ff974127000 	C:\WINDOWS\System32\sechost.dll
0x00007ff972d10000 - 0x00007ff972d38000 	C:\WINDOWS\System32\bcrypt.dll
0x00007ff974a60000 - 0x00007ff974b74000 	C:\WINDOWS\System32\RPCRT4.dll
0x00007ff974c80000 - 0x00007ff974cf1000 	C:\WINDOWS\System32\WS2_32.dll
0x00007ff9713c0000 - 0x00007ff97140d000 	C:\WINDOWS\SYSTEM32\POWRPROF.dll
0x00007ff96c490000 - 0x00007ff96c4c4000 	C:\WINDOWS\SYSTEM32\WINMM.dll
0x00007ff9634d0000 - 0x00007ff9634da000 	C:\WINDOWS\SYSTEM32\VERSION.dll
0x00007ff9713a0000 - 0x00007ff9713b3000 	C:\WINDOWS\SYSTEM32\UMPDC.dll
0x00007ff971660000 - 0x00007ff971678000 	C:\WINDOWS\SYSTEM32\kernel.appcore.dll
0x00007ff95a1d0000 - 0x00007ff95a1da000 	C:\Users\shark.lin\.jdks\openjdk-23.0.1\bin\jimage.dll
0x00007ff961490000 - 0x00007ff9616c2000 	C:\WINDOWS\SYSTEM32\DBGHELP.DLL
0x00007ff972fa0000 - 0x00007ff97332f000 	C:\WINDOWS\System32\combase.dll
0x00007ff973330000 - 0x00007ff973407000 	C:\WINDOWS\System32\OLEAUT32.dll
0x00007ff961b60000 - 0x00007ff961b92000 	C:\WINDOWS\SYSTEM32\dbgcore.DLL
0x00007ff972d40000 - 0x00007ff972dbb000 	C:\WINDOWS\System32\bcryptPrimitives.dll
0x00007ff96bea0000 - 0x00007ff96beaf000 	C:\Users\shark.lin\.jdks\openjdk-23.0.1\bin\instrument.dll
0x00007ff951d50000 - 0x00007ff951d6e000 	C:\Users\shark.lin\.jdks\openjdk-23.0.1\bin\java.dll
0x00007ff973720000 - 0x00007ff9738c5000 	C:\WINDOWS\System32\ole32.dll
0x00007ff9741e0000 - 0x00007ff974a58000 	C:\WINDOWS\System32\SHELL32.dll

dbghelp: loaded successfully - version: 4.0.5 - missing functions: none
symbol engine: initialized successfully - sym options: 0x614 - pdb path: .;C:\Users\shark.lin\.jdks\openjdk-23.0.1\bin;C:\WINDOWS\SYSTEM32;C:\WINDOWS\WinSxS\amd64_microsoft.windows.common-controls_6595b64144ccf1df_6.0.22621.4541_none_2710d1c57384c085;C:\Users\shark.lin\.jdks\openjdk-23.0.1\bin\server

VM Arguments:
jvm_args: -XX:TieredStopAtLevel=1 -Dspring.output.ansi.enabled=always -Dcom.sun.management.jmxremote -Dspring.jmx.enabled=true -Dspring.liveBeansView.mbeanDomain -Dspring.application.admin.enabled=true -Dmanagement.endpoints.jmx.exposure.include=* -javaagent:C:\Users\shark.lin\AppData\Local\Programs\IntelliJ IDEA Ultimate\lib\idea_rt.jar=61765:C:\Users\shark.lin\AppData\Local\Programs\IntelliJ IDEA Ultimate\bin -Dfile.encoding=UTF-8 -Dsun.stdout.encoding=UTF-8 -Dsun.stderr.encoding=UTF-8 
java_command: org.shark.example.Application
java_class_path (initial): D:\Shark\SpringBootExample\SpringBootExample\target\classes;C:\Users\shark.lin\.m2\repository\org\springframework\boot\spring-boot-starter-actuator\3.2.2\spring-boot-starter-actuator-3.2.2.jar;C:\Users\shark.lin\.m2\repository\org\springframework\boot\spring-boot-starter\3.2.2\spring-boot-starter-3.2.2.jar;C:\Users\shark.lin\.m2\repository\org\springframework\boot\spring-boot\3.2.2\spring-boot-3.2.2.jar;C:\Users\shark.lin\.m2\repository\org\springframework\boot\spring-boot-autoconfigure\3.2.2\spring-boot-autoconfigure-3.2.2.jar;C:\Users\shark.lin\.m2\repository\jakarta\annotation\jakarta.annotation-api\2.1.1\jakarta.annotation-api-2.1.1.jar;C:\Users\shark.lin\.m2\repository\org\springframework\spring-core\6.1.3\spring-core-6.1.3.jar;C:\Users\shark.lin\.m2\repository\org\springframework\spring-jcl\6.1.3\spring-jcl-6.1.3.jar;C:\Users\shark.lin\.m2\repository\org\yaml\snakeyaml\2.2\snakeyaml-2.2.jar;C:\Users\shark.lin\.m2\repository\org\springframework\boot\spring-boot-actuator-autoconfigure\3.2.2\spring-boot-actuator-autoconfigure-3.2.2.jar;C:\Users\shark.lin\.m2\repository\org\springframework\boot\spring-boot-actuator\3.2.2\spring-boot-actuator-3.2.2.jar;C:\Users\shark.lin\.m2\repository\com\fasterxml\jackson\core\jackson-databind\2.15.3\jackson-databind-2.15.3.jar;C:\Users\shark.lin\.m2\repository\com\fasterxml\jackson\core\jackson-annotations\2.15.3\jackson-annotations-2.15.3.jar;C:\Users\shark.lin\.m2\repository\com\fasterxml\jackson\core\jackson-core\2.15.3\jackson-core-2.15.3.jar;C:\Users\shark.lin\.m2\repository\com\fasterxml\jackson\datatype\jackson-datatype-jsr310\2.15.3\jackson-datatype-jsr310-2.15.3.jar;C:\Users\shark.lin\.m2\repository\io\micrometer\micrometer-observation\1.12.2\micrometer-observation-1.12.2.jar;C:\Users\shark.lin\.m2\repository\io\micrometer\micrometer-commons\1.12.2\micrometer-commons-1.12.2.jar;C:\Users\shark.lin\.m2\repository\io\micrometer\micrometer-jakarta9\1.12.2\micrometer-jakarta9-1.12.2.jar;C:\Users\shark.lin\.m2\repository\io\micrometer\micrometer-core\1.12.2\micrometer-core-1.12.2.jar;C:\Users\shark.lin\.m2\repository\org\hdrhistogram\HdrHistogram\2.1.12\HdrHistogram-2.1.12.jar;C:\Users\shark.lin\.m2\repository\org\latencyutils\LatencyUtils\2.0.3\LatencyUtils-2.0.3.jar;C:\Users\shark.lin\.m2\repository\org\springframework\boot\spring-boot-starter-web\3.2.2\spring-boot-starter-web-3.2.2.jar;C:\Users\shark.lin\.m2\repository\org\springframework\boot\spring-boot-starter-json\3.2.2\spring-boot-starter-json-3.2.2.jar;C:\Users\shark.lin\.m2\repository\com\fasterxml\jackson\datatype\jackson-datatype-jdk8\2.15.3\jackson-datatype-jdk8-2.15.3.jar;C:\Users\shark.lin\.m2\repository\com\fasterxml\jackson\module\jackson-module-parameter-names\2.15.3\jackson-module-parameter-names-2.15.3.jar;C:\Users\shark.lin\.m2\repository\org\springframework\boot\spring-boot-starter-tomcat\3.2.2\spring-boot-starter-tomcat-3.2.2.jar;C:\Users\shark.lin\.m2\repository\org\apache\tomcat\embed\tomcat-embed-core\10.1.18\tomcat-embed-core-10.1.18.jar;C:\Users\shark.lin\.m2\repository\org\apache\tomcat\embed\tomcat-embed-el\10.1.18\tomcat-embed-el-10.1.18.jar;C:\Users\shark.lin\.m2\repository\org\apache\tomcat\embed\tomcat-embed-websocket\10.1.18\tomcat-embed-websocket-10.1.18.jar;C:\Users\shark.lin\.m2\repository\org\springframework\spring-web\6.1.3\spring-web-6.1.3.jar;C:\Users\shark.lin\.m2\repository\org\springframework\spring-beans\6.1.3\spring-beans-6.1.3.jar;C:\Users\shark.lin\.m2\repository\org\springframework\spring-webmvc\6.1.3\spring-webmvc-6.1.3.jar;C:\Users\shark.lin\.m2\repository\org\springframework\spring-aop\6.1.3\spring-aop-6.1.3.jar;C:\Users\shark.lin\.m2\repository\org\springframework\spring-context\6.1.3\spring-context-6.1.3.jar;C:\Users\shark.lin\.m2\repository\org\springframework\spring-expression\6.1.3\spring-expression-6.1.3.jar;C:\Users\shark.lin\.m2\repository\org\springframework\boot\spring-boot-starter-log4j2\3.2.2\spring-boot-starter-log4j2-3.2.2.jar;C:\Users\shark.lin\.m2\repository\org\apache\logging\log4j\log4j-slf4j2-impl\2.21.1\log4j-slf4j2-impl-2.21.1.jar;C:\Users\shark.lin\.m2\repository\org\apache\logging\log4j\log4j-api\2.21.1\log4j-api-2.21.1.jar;C:\Users\shark.lin\.m2\repository\org\slf4j\slf4j-api\2.0.11\slf4j-api-2.0.11.jar;C:\Users\shark.lin\.m2\repository\org\apache\logging\log4j\log4j-core\2.21.1\log4j-core-2.21.1.jar;C:\Users\shark.lin\.m2\repository\org\apache\logging\log4j\log4j-jul\2.21.1\log4j-jul-2.21.1.jar;C:\Users\shark.lin\.m2\repository\com\google\code\gson\gson\2.10.1\gson-2.10.1.jar;C:\Users\shark.lin\.m2\repository\org\springdoc\springdoc-openapi-starter-webmvc-ui\2.2.0\springdoc-openapi-starter-webmvc-ui-2.2.0.jar;C:\Users\shark.lin\.m2\repository\org\springdoc\springdoc-openapi-starter-webmvc-api\2.2.0\springdoc-openapi-starter-webmvc-api-2.2.0.jar;C:\Users\shark.lin\.m2\repository\org\springdoc\springdoc-openapi-starter-common\2.2.0\springdoc-openapi-starter-common-2.2.0.jar;C:\Users\shark.lin\.m2\repository\io\swagger\core\v3\swagger-core-jakarta\2.2.15\swagger-core-jakarta-2.2.15.jar;C:\Users\shark.lin\.m2\repository\org\apache\commons\commons-lang3\3.13.0\commons-lang3-3.13.0.jar;C:\Users\shark.lin\.m2\repository\io\swagger\core\v3\swagger-annotations-jakarta\2.2.15\swagger-annotations-jakarta-2.2.15.jar;C:\Users\shark.lin\.m2\repository\io\swagger\core\v3\swagger-models-jakarta\2.2.15\swagger-models-jakarta-2.2.15.jar;C:\Users\shark.lin\.m2\repository\jakarta\xml\bind\jakarta.xml.bind-api\4.0.1\jakarta.xml.bind-api-4.0.1.jar;C:\Users\shark.lin\.m2\repository\jakarta\activation\jakarta.activation-api\2.1.2\jakarta.activation-api-2.1.2.jar;C:\Users\shark.lin\.m2\repository\jakarta\validation\jakarta.validation-api\3.0.2\jakarta.validation-api-3.0.2.jar;C:\Users\shark.lin\.m2\repository\com\fasterxml\jackson\dataformat\jackson-dataformat-yaml\2.15.3\jackson-dataformat-yaml-2.15.3.jar;C:\Users\shark.lin\.m2\repository\org\webjars\swagger-ui\5.2.0\swagger-ui-5.2.0.jar;C:\Users\shark.lin\.m2\repository\org\projectlombok\lombok\1.18.30\lombok-1.18.30.jar;C:\Users\shark.lin\.m2\repository\org\springframework\boot\spring-boot-starter-data-cassandra\3.2.2\spring-boot-starter-data-cassandra-3.2.2.jar;C:\Users\shark.lin\.m2\repository\org\springframework\spring-tx\6.1.3\spring-tx-6.1.3.jar;C:\Users\shark.lin\.m2\repository\org\springframework\data\spring-data-cassandra\4.2.2\spring-data-cassandra-4.2.2.jar;C:\Users\shark.lin\.m2\repository\org\springframework\data\spring-data-commons\3.2.2\spring-data-commons-3.2.2.jar;C:\Users\shark.lin\.m2\repository\com\datastax\oss\java-driver-core\4.17.0\java-driver-core-4.17.0.jar;C:\Users\shark.lin\.m2\repository\com\datastax\oss\native-protocol\1.5.1\native-protocol-1.5.1.jar;C:\Users\shark.lin\.m2\repository\io\netty\netty-handler\4.1.105.Final\netty-handler-4.1.105.Final.jar;C:\Users\shark.lin\.m2\repository\io\netty\netty-common\4.1.105.Final\netty-common-4.1.105.Final.jar;C:\Users\shark.lin\.m2\repository\io\netty\netty-resolver\4.1.105.Final\netty-resolver-4.1.105.Final.jar;C:\Users\shark.lin\.m2\repository\io\netty\netty-buffer\4.1.105.Final\netty-buffer-4.1.105.Final.jar;C:\Users\shark.lin\.m2\repository\io\netty\netty-transport\4.1.105.Final\netty-transport-4.1.105.Final.jar;C:\Users\shark.lin\.m2\repository\io\netty\netty-transport-native-unix-common\4.1.105.Final\netty-transport-native-unix-common-4.1.105.Final.jar;C:\Users\shark.lin\.m2\repository\io\netty\netty-codec\4.1.105.Final\netty-codec-4.1.105.Final.jar;C:\Users\shark.lin\.m2\repository\com\datastax\oss\java-driver-shaded-guava\25.1-jre-graal-sub-1\java-driver-shaded-guava-25.1-jre-graal-sub-1.jar;C:\Users\shark.lin\.m2\repository\com\typesafe\config\1.4.1\config-1.4.1.jar;C:\Users\shark.lin\.m2\repository\com\github\jnr\jnr-posix\3.1.15\jnr-posix-3.1.15.jar;C:\Users\shark.lin\.m2\repository\com\github\jnr\jnr-ffi\2.2.11\jnr-ffi-2.2.11.jar;C:\Users\shark.lin\.m2\repository\com\github\jnr\jffi\1.3.9\jffi-1.3.9.jar;C:\Users\shark.lin\.m2\repository\com\github\jnr\jffi\1.3.9\jffi-1.3.9-native.jar;C:\Users\shark.lin\.m2\repository\org\ow2\asm\asm\9.2\asm-9.2.jar;C:\Users\shark.lin\.m2\repository\org\ow2\asm\asm-commons\9.2\asm-commons-9.2.jar;C:\Users\shark.lin\.m2\repository\org\ow2\asm\asm-analysis\9.2\asm-analysis-9.2.jar;C:\Users\shark.lin\.m2\repository\org\ow2\asm\asm-tree\9.2\asm-tree-9.2.jar;C:\Users\shark.lin\.m2\repository\org\ow2\asm\asm-util\9.2\asm-util-9.2.jar;C:\Users\shark.lin\.m2\repository\com\github\jnr\jnr-a64asm\1.0.0\jnr-a64asm-1.0.0.jar;C:\Users\shark.lin\.m2\repository\com\github\jnr\jnr-x86asm\1.0.2\jnr-x86asm-1.0.2.jar;C:\Users\shark.lin\.m2\repository\com\github\jnr\jnr-constants\0.10.3\jnr-constants-0.10.3.jar;C:\Users\shark.lin\.m2\repository\io\dropwizard\metrics\metrics-core\4.2.23\metrics-core-4.2.23.jar;C:\Users\shark.lin\.m2\repository\org\reactivestreams\reactive-streams\1.0.4\reactive-streams-1.0.4.jar;C:\Users\shark.lin\.m2\repository\com\github\stephenc\jcip\jcip-annotations\1.0-1\jcip-annotations-1.0-1.jar;C:\Users\shark.lin\.m2\repository\com\github\spotbugs\spotbugs-annotations\4.7.3\spotbugs-annotations-4.7.3.jar;C:\Users\shark.lin\.m2\repository\com\google\code\findbugs\jsr305\3.0.2\jsr305-3.0.2.jar;C:\Users\shark.lin\.m2\repository\com\datastax\oss\java-driver-query-builder\4.17.0\java-driver-query-builder-4.17.0.jar
Launcher Type: SUN_STANDARD

[Global flags]
     intx CICompilerCount                          = 4                                         {product} {ergonomic}
     uint ConcGCThreads                            = 3                                         {product} {ergonomic}
     uint G1ConcRefinementThreads                  = 10                                        {product} {ergonomic}
   size_t G1HeapRegionSize                         = 4194304                                   {product} {ergonomic}
   size_t InitialHeapSize                          = 532676608                                 {product} {ergonomic}
     bool ManagementServer                         = true                                      {product} {command line}
   size_t MarkStackSize                            = 4194304                                   {product} {ergonomic}
   size_t MarkStackSizeMax                         = 536870912                                 {product} {ergonomic}
   size_t MaxHeapSize                              = 8518631424                                {product} {ergonomic}
   size_t MinHeapDeltaBytes                        = 4194304                                   {product} {ergonomic}
   size_t MinHeapSize                              = 8388608                                   {product} {ergonomic}
    uintx NonNMethodCodeHeapSize                   = 4096                                   {pd product} {ergonomic}
    uintx NonProfiledCodeHeapSize                  = 0                                      {pd product} {ergonomic}
     bool ProfileInterpreter                       = false                                  {pd product} {command line}
    uintx ProfiledCodeHeapSize                     = 0                                      {pd product} {ergonomic}
   size_t SoftMaxHeapSize                          = 8518631424                             {manageable} {ergonomic}
     intx TieredStopAtLevel                        = 1                                         {product} {command line}
     bool UseCompressedOops                        = true                           {product lp64_product} {ergonomic}
     bool UseG1GC                                  = true                                      {product} {ergonomic}
     bool UseLargePagesIndividualAllocation        = false                                  {pd product} {ergonomic}

Logging:
Log output configuration:
 #0: stdout all=warning uptime,level,tags foldmultilines=false
 #1: stderr all=off uptime,level,tags foldmultilines=false

Environment Variables:
JAVA_HOME=C:\Program Files\Java\openjdk-17.0.1
PATH=C:\Program Files\Common Files\Oracle\Java\javapath;C:\WINDOWS\system32;C:\WINDOWS;C:\WINDOWS\System32\Wbem;C:\WINDOWS\System32\WindowsPowerShell\v1.0\;C:\WINDOWS\System32\OpenSSH\;C:\Program Files\PuTTY\;C:\Program Files\Git\cmd;C:\ProgramData\chocolatey\bin;C:\Program Files (x86)\gnupg\bin;C:\Program Files\Git\bin\;C:\Program Files\Maven\apache-maven-3.8.6\bin;C:\Program Files\nodejs\;C:\Program Files\Java\jdk-11\bin;C:\Program Files\Rancher Desktop\resources\resources\win32\bin\;C:\Program Files\Rancher Desktop\resources\resources\linux\bin\;C:\Users\shark.lin\AppData\Local\Microsoft\WindowsApps;C:\Users\shark.lin\AppData\Roaming\npm;C:\Users\shark.lin\AppData\Local\JetBrains\Toolbox\scripts;%USERPROFILE%\AppData\Local\Microsoft\WindowsApps;C:\Users\shark.lin\AppData\Local\Programs\Lens\resources\cli\bin
USERNAME=shark.lin
OS=Windows_NT
PROCESSOR_IDENTIFIER=Intel64 Family 6 Model 165 Stepping 2, GenuineIntel
TMP=C:\Users\shark.lin\AppData\Local\Temp
TEMP=C:\Users\shark.lin\AppData\Local\Temp




Periodic native trim disabled

---------------  S Y S T E M  ---------------

OS:
 Windows 11 , 64 bit Build 22621 (10.0.22621.4391)
OS uptime: 10 days 6:22 hours
Hyper-V role detected

CPU: total 12 (initial active 12) (6 cores per cpu, 2 threads per core) family 6 model 165 stepping 2 microcode 0xfa, cx8, cmov, fxsr, ht, mmx, 3dnowpref, sse, sse2, sse3, ssse3, sse4.1, sse4.2, popcnt, lzcnt, tsc, tscinvbit, avx, avx2, aes, erms, clmul, bmi1, bmi2, adx, fma, vzeroupper, clflush, clflushopt, hv, rdtscp, f16c
Processor Information for the first 12 processors :
  Max Mhz: 2712, Current Mhz: 2310, Mhz Limit: 2305

Memory: 4k page, system-wide physical 32487M (6556M free)
TotalPageFile size 43808M (AvailPageFile size 495M)
current process WorkingSet (physical memory assigned to process): 12M, peak: 12M
current process commit charge ("private bytes"): 60M, peak: 568M

vm_info: OpenJDK 64-Bit Server VM (23.0.1+11-39) for windows-amd64 JRE (23.0.1+11-39), built on 2024-09-30T07:20:43Z with MS VC++ 17.6 (VS2022)

END.
