2020-09-08_08:09:19.362 Starting SharkApplication on yumingrongde-MacBook-Pro.local with PID 1299 (/Users/shiyongzhe/Documents/Shark/java/SpringBootExample/target/classes started by shiyongzhe in /Users/shiyongzhe/Documents/Shark/java/SpringBootExample)
2020-09-08_08:09:19.363 No active profile set, falling back to default profiles: default
2020-09-08_08:09:23.858 Started SharkApplication in 4.92 seconds (JVM running for 10.626)
2020-09-08_08:10:06.881 Starting SharkApplication on yumingrongde-MacBook-Pro.local with PID 1314 (/Users/shiyongzhe/Documents/Shark/java/SpringBootExample/target/classes started by shiyongzhe in /Users/shiyongzhe/Documents/Shark/java/SpringBootExample)
2020-09-08_08:10:06.882 No active profile set, falling back to default profiles: default
2020-09-08_08:10:10.703 Started SharkApplication in 4.178 seconds (JVM running for 9.819)
2020-09-08_08:10:35.089 body: {}"string"
2020-09-08_08:12:19.359 Starting SharkApplication on yumingrongde-MacBook-Pro.local with PID 1395 (/Users/shiyongzhe/Documents/Shark/java/SpringBootExample/target/classes started by shiyongzhe in /Users/shiyongzhe/Documents/Shark/java/SpringBootExample)
2020-09-08_08:12:19.360 No active profile set, falling back to default profiles: default
2020-09-08_08:12:23.266 Started SharkApplication in 4.295 seconds (JVM running for 10.289)
2020-09-08_08:12:38.631 body: "string"
2020-09-08_08:14:57.708 Starting SharkApplication on yumingrongde-MacBook-Pro.local with PID 1414 (/Users/shiyongzhe/Documents/Shark/java/SpringBootExample/target/classes started by shiyongzhe in /Users/shiyongzhe/Documents/Shark/java/SpringBootExample)
2020-09-08_08:14:57.709 No active profile set, falling back to default profiles: default
2020-09-08_08:15:01.681 Started SharkApplication in 4.32 seconds (JVM running for 9.968)
2020-09-08_08:15:40.023 body: "string"
2020-09-08_09:18:47.653 Starting SharkApplication on yumingrongde-MacBook-Pro.local with PID 1806 (/Users/shiyongzhe/Documents/Shark/java/SpringBootExample/target/classes started by shiyongzhe in /Users/shiyongzhe/Documents/Shark/java/SpringBootExample)
2020-09-08_09:18:47.654 No active profile set, falling back to default profiles: default
2020-09-08_09:18:51.963 Started SharkApplication in 4.674 seconds (JVM running for 10.65)
2020-09-08_09:20:21.863 Starting SharkApplication on yumingrongde-MacBook-Pro.local with PID 1819 (/Users/shiyongzhe/Documents/Shark/java/SpringBootExample/target/classes started by shiyongzhe in /Users/shiyongzhe/Documents/Shark/java/SpringBootExample)
2020-09-08_09:20:21.864 No active profile set, falling back to default profiles: default
2020-09-08_09:20:27.074 Started SharkApplication in 5.585 seconds (JVM running for 11.274)
2020-09-08_09:26:47.346 Starting SharkApplication on yumingrongde-MacBook-Pro.local with PID 1851 (/Users/shiyongzhe/Documents/Shark/java/SpringBootExample/target/classes started by shiyongzhe in /Users/shiyongzhe/Documents/Shark/java/SpringBootExample)
2020-09-08_09:26:47.347 No active profile set, falling back to default profiles: default
2020-09-08_09:26:54.168 Started SharkApplication in 8.24 seconds (JVM running for 14.282)
2020-09-08_09:27:44.657 Starting SharkApplication on yumingrongde-MacBook-Pro.local with PID 1867 (/Users/shiyongzhe/Documents/Shark/java/SpringBootExample/target/classes started by shiyongzhe in /Users/shiyongzhe/Documents/Shark/java/SpringBootExample)
2020-09-08_09:27:44.658 No active profile set, falling back to default profiles: default
2020-09-08_09:27:50.791 Started SharkApplication in 6.584 seconds (JVM running for 12.5)
2020-09-08_09:28:41.630 before
2020-09-08_09:28:41.636 around start time: Tue Sep 08 09:28:41 CST 2020
2020-09-08_09:28:41.640 around end time: Tue Sep 08 09:28:41 CST 2020
2020-09-08_09:28:41.640 after
2020-09-08_09:28:41.640 after returning
2020-09-08_09:28:41.641 do after throwing
2020-09-08_09:33:06.144 before
2020-09-08_09:33:06.146 around start time: Tue Sep 08 09:33:06 CST 2020
2020-09-08_09:33:06.147 around end time: Tue Sep 08 09:33:06 CST 2020
2020-09-08_09:33:06.147 after
2020-09-08_09:33:06.147 after returning
2020-09-08_09:33:06.148 do after throwing
2020-09-08_09:35:57.878 Starting SharkApplication on yumingrongde-MacBook-Pro.local with PID 1955 (/Users/shiyongzhe/Documents/Shark/java/SpringBootExample/target/classes started by shiyongzhe in /Users/shiyongzhe/Documents/Shark/java/SpringBootExample)
2020-09-08_09:35:57.879 No active profile set, falling back to default profiles: default
2020-09-08_09:36:02.010 Started SharkApplication in 4.485 seconds (JVM running for 10.246)
